2021-07-14 17:13:02,647 INFO o.h.v.i.u.Version [background-preinit] HV000001: Hibernate Validator 6.2.0.Final
2021-07-14 17:13:02,732 INFO o.s.b.StartupInfoLogger [restartedMain] Starting ProjectApplication using Java 11.0.11 on progersapog with PID 99738 (/home/progersapog/Документы/SberITSchool-FinalProject/target/classes started by progersapog in /home/progersapog/Документы/SberITSchool-FinalProject)
2021-07-14 17:13:02,745 INFO o.s.b.SpringApplication [restartedMain] No active profile set, falling back to default profiles: default
2021-07-14 17:13:02,856 INFO o.s.b.l.DeferredLog [restartedMain] The Class-Path manifest attribute in /home/progersapog/.m2/repository/com/oracle/database/jdbc/ojdbc8/21.1.0.0/ojdbc8-21.1.0.0.jar referenced one or more files that do not exist: file:/home/progersapog/.m2/repository/com/oracle/database/jdbc/ojdbc8/21.1.0.0/oraclepki.jar
2021-07-14 17:13:02,857 INFO o.s.b.l.DeferredLog [restartedMain] Devtools property defaults active! Set 'spring.devtools.add-properties' to 'false' to disable
2021-07-14 17:13:02,858 INFO o.s.b.l.DeferredLog [restartedMain] For additional web related logging consider setting the 'logging.level.web' property to 'DEBUG'
2021-07-14 17:13:03,297 WARN o.s.c.l.CompositeLog [background-preinit] For Jackson Kotlin classes support please add "com.fasterxml.jackson.module:jackson-module-kotlin" to the classpath
2021-07-14 17:13:04,049 INFO o.s.d.r.c.RepositoryConfigurationDelegate [restartedMain] Bootstrapping Spring Data JPA repositories in DEFAULT mode.
2021-07-14 17:13:04,165 INFO o.s.d.r.c.RepositoryConfigurationDelegate [restartedMain] Finished Spring Data repository scanning in 104 ms. Found 5 JPA repository interfaces.
2021-07-14 17:13:05,192 INFO o.s.b.w.e.t.TomcatWebServer [restartedMain] Tomcat initialized with port(s): 8080 (http)
2021-07-14 17:13:05,205 INFO o.a.j.l.DirectJDKLog [restartedMain] Initializing ProtocolHandler ["http-nio-8080"]
2021-07-14 17:13:05,206 INFO o.a.j.l.DirectJDKLog [restartedMain] Starting service [Tomcat]
2021-07-14 17:13:05,207 INFO o.a.j.l.DirectJDKLog [restartedMain] Starting Servlet engine: [Apache Tomcat/9.0.46]
2021-07-14 17:13:05,613 INFO o.a.j.l.DirectJDKLog [restartedMain] At least one JAR was scanned for TLDs yet contained no TLDs. Enable debug logging for this logger for a complete list of JARs that were scanned but no TLDs were found in them. Skipping unneeded JARs during scanning can improve startup time and JSP compilation time.
2021-07-14 17:13:05,637 INFO o.a.j.l.DirectJDKLog [restartedMain] Initializing Spring embedded WebApplicationContext
2021-07-14 17:13:05,638 INFO o.s.b.w.s.c.ServletWebServerApplicationContext [restartedMain] Root WebApplicationContext: initialization completed in 2776 ms
2021-07-14 17:13:05,914 INFO c.z.h.HikariDataSource [restartedMain] HikariPool-1 - Starting...
2021-07-14 17:13:06,320 INFO c.z.h.HikariDataSource [restartedMain] HikariPool-1 - Start completed.
2021-07-14 17:13:06,380 INFO o.h.j.i.u.LogHelper [restartedMain] HHH000204: Processing PersistenceUnitInfo [name: default]
2021-07-14 17:13:06,455 INFO o.h.Version [restartedMain] HHH000412: Hibernate ORM core version 5.4.31.Final
2021-07-14 17:13:06,664 INFO o.h.a.c.r.j.JavaReflectionManager [restartedMain] HCANN000001: Hibernate Commons Annotations {5.1.2.Final}
2021-07-14 17:13:06,833 INFO o.h.d.Dialect [restartedMain] HHH000400: Using dialect: org.hibernate.dialect.Oracle12cDialect
2021-07-14 17:13:08,528 INFO o.h.e.t.j.p.i.JtaPlatformInitiator [restartedMain] HHH000490: Using JtaPlatform implementation: [org.hibernate.engine.transaction.jta.platform.internal.NoJtaPlatform]
2021-07-14 17:13:08,541 INFO o.s.o.j.AbstractEntityManagerFactoryBean [restartedMain] Initialized JPA EntityManagerFactory for persistence unit 'default'
2021-07-14 17:13:08,633 WARN o.s.b.a.o.j.JpaBaseConfiguration$JpaWebConfiguration [restartedMain] spring.jpa.open-in-view is enabled by default. Therefore, database queries may be performed during view rendering. Explicitly configure spring.jpa.open-in-view to disable this warning
2021-07-14 17:13:09,783 INFO o.s.s.w.DefaultSecurityFilterChain [restartedMain] Will secure any request with [org.springframework.security.web.context.request.async.WebAsyncManagerIntegrationFilter@96f266f, org.springframework.security.web.context.SecurityContextPersistenceFilter@3d60e276, org.springframework.security.web.header.HeaderWriterFilter@5a9ba140, org.springframework.security.web.authentication.logout.LogoutFilter@5e54ff34, org.springframework.security.web.authentication.UsernamePasswordAuthenticationFilter@750d109, org.springframework.security.web.savedrequest.RequestCacheAwareFilter@320938d9, org.springframework.security.web.servletapi.SecurityContextHolderAwareRequestFilter@726d3955, org.springframework.security.web.authentication.AnonymousAuthenticationFilter@7db4fc5d, org.springframework.security.web.session.SessionManagementFilter@5e6f99ad, org.springframework.security.web.access.ExceptionTranslationFilter@4bc77b10, org.springframework.security.web.access.intercept.FilterSecurityInterceptor@c0ad386]
2021-07-14 17:13:10,171 INFO o.s.b.a.w.s.WelcomePageHandlerMapping [restartedMain] Adding welcome page template: index
2021-07-14 17:13:10,514 INFO o.s.b.d.a.OptionalLiveReloadServer [restartedMain] LiveReload server is running on port 35729
2021-07-14 17:13:10,570 INFO o.a.j.l.DirectJDKLog [restartedMain] Starting ProtocolHandler ["http-nio-8080"]
2021-07-14 17:13:10,609 INFO o.s.b.w.e.t.TomcatWebServer [restartedMain] Tomcat started on port(s): 8080 (http) with context path ''
2021-07-14 17:13:10,638 INFO o.s.b.StartupInfoLogger [restartedMain] Started ProjectApplication in 8.873 seconds (JVM running for 10.797)
2021-07-14 17:13:10,642 INFO o.s.b.a.ApplicationAvailabilityBean [restartedMain] Application availability state LivenessState changed to CORRECT
2021-07-14 17:13:10,647 INFO o.s.b.a.ApplicationAvailabilityBean [restartedMain] Application availability state ReadinessState changed to ACCEPTING_TRAFFIC
2021-07-14 17:13:28,952 INFO o.s.b.a.ApplicationAvailabilityBean [SpringContextShutdownHook] Application availability state ReadinessState changed from ACCEPTING_TRAFFIC to REFUSING_TRAFFIC
