2021-07-17 12:21:25,542 INFO o.h.v.i.u.Version [background-preinit] HV000001: Hibernate Validator 6.2.0.Final
2021-07-17 12:21:25,578 INFO o.s.b.StartupInfoLogger [restartedMain] Starting ProjectApplication using Java 11.0.11 on progerSapog with PID 8331 (/home/vladislove/Документы/SberITSchool-FinalProject/target/classes started by vladislove in /home/vladislove/Документы/SberITSchool-FinalProject)
2021-07-17 12:21:25,582 INFO o.s.b.SpringApplication [restartedMain] No active profile set, falling back to default profiles: default
2021-07-17 12:21:25,613 INFO o.s.b.l.DeferredLog [restartedMain] The Class-Path manifest attribute in /home/vladislove/.m2/repository/com/oracle/database/jdbc/ojdbc8/21.1.0.0/ojdbc8-21.1.0.0.jar referenced one or more files that do not exist: file:/home/vladislove/.m2/repository/com/oracle/database/jdbc/ojdbc8/21.1.0.0/oraclepki.jar
2021-07-17 12:21:25,614 INFO o.s.b.l.DeferredLog [restartedMain] Devtools property defaults active! Set 'spring.devtools.add-properties' to 'false' to disable
2021-07-17 12:21:25,614 INFO o.s.b.l.DeferredLog [restartedMain] For additional web related logging consider setting the 'logging.level.web' property to 'DEBUG'
2021-07-17 12:21:26,964 WARN o.s.c.l.CompositeLog [background-preinit] For Jackson Kotlin classes support please add "com.fasterxml.jackson.module:jackson-module-kotlin" to the classpath
2021-07-17 12:21:28,306 INFO o.s.d.r.c.RepositoryConfigurationDelegate [restartedMain] Bootstrapping Spring Data JPA repositories in DEFAULT mode.
2021-07-17 12:21:28,475 INFO o.s.d.r.c.RepositoryConfigurationDelegate [restartedMain] Finished Spring Data repository scanning in 147 ms. Found 5 JPA repository interfaces.
2021-07-17 12:21:29,627 INFO o.s.b.w.e.t.TomcatWebServer [restartedMain] Tomcat initialized with port(s): 8080 (http)
2021-07-17 12:21:29,634 INFO o.a.j.l.DirectJDKLog [restartedMain] Initializing ProtocolHandler ["http-nio-8080"]
2021-07-17 12:21:29,634 INFO o.a.j.l.DirectJDKLog [restartedMain] Starting service [Tomcat]
2021-07-17 12:21:29,634 INFO o.a.j.l.DirectJDKLog [restartedMain] Starting Servlet engine: [Apache Tomcat/9.0.46]
2021-07-17 12:21:29,886 INFO o.a.j.l.DirectJDKLog [restartedMain] At least one JAR was scanned for TLDs yet contained no TLDs. Enable debug logging for this logger for a complete list of JARs that were scanned but no TLDs were found in them. Skipping unneeded JARs during scanning can improve startup time and JSP compilation time.
2021-07-17 12:21:29,896 INFO o.a.j.l.DirectJDKLog [restartedMain] Initializing Spring embedded WebApplicationContext
2021-07-17 12:21:29,896 INFO o.s.b.w.s.c.ServletWebServerApplicationContext [restartedMain] Root WebApplicationContext: initialization completed in 4281 ms
2021-07-17 12:21:30,115 INFO c.z.h.HikariDataSource [restartedMain] HikariPool-1 - Starting...
2021-07-17 12:21:30,869 INFO c.z.h.HikariDataSource [restartedMain] HikariPool-1 - Start completed.
2021-07-17 12:21:30,937 INFO o.h.j.i.u.LogHelper [restartedMain] HHH000204: Processing PersistenceUnitInfo [name: default]
2021-07-17 12:21:31,007 INFO o.h.Version [restartedMain] HHH000412: Hibernate ORM core version 5.4.31.Final
2021-07-17 12:21:31,279 INFO o.h.a.c.r.j.JavaReflectionManager [restartedMain] HCANN000001: Hibernate Commons Annotations {5.1.2.Final}
2021-07-17 12:21:31,398 INFO o.h.d.Dialect [restartedMain] HHH000400: Using dialect: org.hibernate.dialect.Oracle12cDialect
2021-07-17 12:21:32,299 INFO o.h.e.t.j.p.i.JtaPlatformInitiator [restartedMain] HHH000490: Using JtaPlatform implementation: [org.hibernate.engine.transaction.jta.platform.internal.NoJtaPlatform]
2021-07-17 12:21:32,326 INFO o.s.o.j.AbstractEntityManagerFactoryBean [restartedMain] Initialized JPA EntityManagerFactory for persistence unit 'default'
2021-07-17 12:21:32,388 WARN o.s.b.a.o.j.JpaBaseConfiguration$JpaWebConfiguration [restartedMain] spring.jpa.open-in-view is enabled by default. Therefore, database queries may be performed during view rendering. Explicitly configure spring.jpa.open-in-view to disable this warning
2021-07-17 12:21:32,917 INFO o.s.s.w.DefaultSecurityFilterChain [restartedMain] Will secure any request with [org.springframework.security.web.context.request.async.WebAsyncManagerIntegrationFilter@73ec07bd, org.springframework.security.web.context.SecurityContextPersistenceFilter@bda9b35, org.springframework.security.web.header.HeaderWriterFilter@68325acf, org.springframework.security.web.authentication.logout.LogoutFilter@23cbac85, org.springframework.security.web.authentication.UsernamePasswordAuthenticationFilter@6a076352, org.springframework.security.web.savedrequest.RequestCacheAwareFilter@1426c709, org.springframework.security.web.servletapi.SecurityContextHolderAwareRequestFilter@107d0b9d, org.springframework.security.web.authentication.AnonymousAuthenticationFilter@4031e17f, org.springframework.security.web.session.SessionManagementFilter@c326c5d, org.springframework.security.web.access.ExceptionTranslationFilter@14ae72ca, org.springframework.security.web.access.intercept.FilterSecurityInterceptor@621e086c]
2021-07-17 12:21:33,126 INFO o.s.b.a.w.s.WelcomePageHandlerMapping [restartedMain] Adding welcome page template: index
2021-07-17 12:21:33,367 INFO o.s.b.d.a.OptionalLiveReloadServer [restartedMain] LiveReload server is running on port 35729
2021-07-17 12:21:33,382 INFO o.a.j.l.DirectJDKLog [restartedMain] Starting ProtocolHandler ["http-nio-8080"]
2021-07-17 12:21:33,414 INFO o.s.b.w.e.t.TomcatWebServer [restartedMain] Tomcat started on port(s): 8080 (http) with context path ''
2021-07-17 12:21:33,424 INFO o.s.b.StartupInfoLogger [restartedMain] Started ProjectApplication in 9.057 seconds (JVM running for 12.171)
2021-07-17 12:21:33,425 INFO o.s.b.a.ApplicationAvailabilityBean [restartedMain] Application availability state LivenessState changed to CORRECT
2021-07-17 12:21:33,427 INFO o.s.b.a.ApplicationAvailabilityBean [restartedMain] Application availability state ReadinessState changed to ACCEPTING_TRAFFIC
2021-07-17 12:21:36,490 INFO o.a.j.l.DirectJDKLog [http-nio-8080-exec-1] Initializing Spring DispatcherServlet 'dispatcherServlet'
2021-07-17 12:21:36,490 INFO o.s.w.s.FrameworkServlet [http-nio-8080-exec-1] Initializing Servlet 'dispatcherServlet'
2021-07-17 12:21:36,491 INFO o.s.w.s.FrameworkServlet [http-nio-8080-exec-1] Completed initialization in 1 ms
2021-07-17 12:30:15,628 INFO o.s.b.a.ApplicationAvailabilityBean [SpringContextShutdownHook] Application availability state ReadinessState changed from ACCEPTING_TRAFFIC to REFUSING_TRAFFIC
