2021-07-17 12:46:13,801 INFO o.h.v.i.u.Version [background-preinit] HV000001: Hibernate Validator 6.2.0.Final
2021-07-17 12:46:13,824 INFO o.s.b.StartupInfoLogger [main] Starting LoginTest using Java 11.0.11 on progerSapog with PID 11000 (started by vladislove in /home/vladislove/Документы/SberITSchool-FinalProject)
2021-07-17 12:46:13,831 INFO o.s.b.SpringApplication [main] No active profile set, falling back to default profiles: default
2021-07-17 12:46:14,145 WARN o.s.c.l.CompositeLog [background-preinit] For Jackson Kotlin classes support please add "com.fasterxml.jackson.module:jackson-module-kotlin" to the classpath
2021-07-17 12:46:14,542 INFO o.s.d.r.c.RepositoryConfigurationDelegate [main] Bootstrapping Spring Data JPA repositories in DEFAULT mode.
2021-07-17 12:46:14,611 INFO o.s.d.r.c.RepositoryConfigurationDelegate [main] Finished Spring Data repository scanning in 62 ms. Found 5 JPA repository interfaces.
2021-07-17 12:46:15,334 INFO c.z.h.HikariDataSource [main] HikariPool-1 - Starting...
2021-07-17 12:46:15,702 INFO c.z.h.HikariDataSource [main] HikariPool-1 - Start completed.
2021-07-17 12:46:15,774 INFO o.h.j.i.u.LogHelper [main] HHH000204: Processing PersistenceUnitInfo [name: default]
2021-07-17 12:46:15,832 INFO o.h.Version [main] HHH000412: Hibernate ORM core version 5.4.31.Final
2021-07-17 12:46:15,968 INFO o.h.a.c.r.j.JavaReflectionManager [main] HCANN000001: Hibernate Commons Annotations {5.1.2.Final}
2021-07-17 12:46:16,068 INFO o.h.d.Dialect [main] HHH000400: Using dialect: org.hibernate.dialect.Oracle12cDialect
2021-07-17 12:46:16,824 INFO o.h.e.t.j.p.i.JtaPlatformInitiator [main] HHH000490: Using JtaPlatform implementation: [org.hibernate.engine.transaction.jta.platform.internal.NoJtaPlatform]
2021-07-17 12:46:16,831 INFO o.s.o.j.AbstractEntityManagerFactoryBean [main] Initialized JPA EntityManagerFactory for persistence unit 'default'
2021-07-17 12:46:16,908 WARN o.s.b.a.o.j.JpaBaseConfiguration$JpaWebConfiguration [main] spring.jpa.open-in-view is enabled by default. Therefore, database queries may be performed during view rendering. Explicitly configure spring.jpa.open-in-view to disable this warning
2021-07-17 12:46:17,667 INFO o.s.s.w.DefaultSecurityFilterChain [main] Will secure any request with [org.springframework.security.web.context.request.async.WebAsyncManagerIntegrationFilter@488c6c98, org.springframework.security.web.context.SecurityContextPersistenceFilter@638e8194, org.springframework.security.web.header.HeaderWriterFilter@2f09907, org.springframework.security.web.authentication.logout.LogoutFilter@54816d7a, org.springframework.security.web.authentication.UsernamePasswordAuthenticationFilter@21399e53, org.springframework.security.web.savedrequest.RequestCacheAwareFilter@188532da, org.springframework.security.web.servletapi.SecurityContextHolderAwareRequestFilter@344acc03, org.springframework.security.web.authentication.AnonymousAuthenticationFilter@2530baf6, org.springframework.security.web.session.SessionManagementFilter@4f93a8f6, org.springframework.security.web.access.ExceptionTranslationFilter@198a0416, org.springframework.security.web.access.intercept.FilterSecurityInterceptor@4ee1c29a]
2021-07-17 12:46:18,099 INFO o.s.b.a.w.s.WelcomePageHandlerMapping [main] Adding welcome page template: index
2021-07-17 12:46:18,504 INFO o.s.m.w.MockServletContext [main] Initializing Spring TestDispatcherServlet ''
2021-07-17 12:46:18,504 INFO o.s.w.s.FrameworkServlet [main] Initializing Servlet ''
2021-07-17 12:46:18,505 INFO o.s.w.s.FrameworkServlet [main] Completed initialization in 1 ms
2021-07-17 12:46:18,522 INFO o.s.b.StartupInfoLogger [main] Started LoginTest in 4.983 seconds (JVM running for 6.192)
2021-07-17 12:46:18,523 INFO o.s.b.a.ApplicationAvailabilityBean [main] Application availability state LivenessState changed to CORRECT
2021-07-17 12:46:18,525 INFO o.s.b.a.ApplicationAvailabilityBean [main] Application availability state ReadinessState changed to ACCEPTING_TRAFFIC
