2021-07-17 13:22:09,009 INFO o.h.v.i.u.Version [background-preinit] HV000001: Hibernate Validator 6.2.0.Final
2021-07-17 13:22:09,063 INFO o.s.b.StartupInfoLogger [main] Starting LoginTest using Java 11.0.11 on progerSapog with PID 17312 (started by vladislove in /home/vladislove/Документы/SberITSchool-FinalProject)
2021-07-17 13:22:09,089 INFO o.s.b.SpringApplication [main] No active profile set, falling back to default profiles: default
2021-07-17 13:22:09,508 WARN o.s.c.l.CompositeLog [background-preinit] For Jackson Kotlin classes support please add "com.fasterxml.jackson.module:jackson-module-kotlin" to the classpath
2021-07-17 13:22:09,972 INFO o.s.d.r.c.RepositoryConfigurationDelegate [main] Bootstrapping Spring Data JPA repositories in DEFAULT mode.
2021-07-17 13:22:10,064 INFO o.s.d.r.c.RepositoryConfigurationDelegate [main] Finished Spring Data repository scanning in 80 ms. Found 5 JPA repository interfaces.
2021-07-17 13:22:10,798 INFO c.z.h.HikariDataSource [main] HikariPool-1 - Starting...
2021-07-17 13:22:11,080 INFO c.z.h.HikariDataSource [main] HikariPool-1 - Start completed.
2021-07-17 13:22:11,135 INFO o.h.j.i.u.LogHelper [main] HHH000204: Processing PersistenceUnitInfo [name: default]
2021-07-17 13:22:11,177 INFO o.h.Version [main] HHH000412: Hibernate ORM core version 5.4.31.Final
2021-07-17 13:22:11,323 INFO o.h.a.c.r.j.JavaReflectionManager [main] HCANN000001: Hibernate Commons Annotations {5.1.2.Final}
2021-07-17 13:22:11,450 INFO o.h.d.Dialect [main] HHH000400: Using dialect: org.hibernate.dialect.Oracle12cDialect
2021-07-17 13:22:12,189 INFO o.h.e.t.j.p.i.JtaPlatformInitiator [main] HHH000490: Using JtaPlatform implementation: [org.hibernate.engine.transaction.jta.platform.internal.NoJtaPlatform]
2021-07-17 13:22:12,197 INFO o.s.o.j.AbstractEntityManagerFactoryBean [main] Initialized JPA EntityManagerFactory for persistence unit 'default'
2021-07-17 13:22:12,277 WARN o.s.b.a.o.j.JpaBaseConfiguration$JpaWebConfiguration [main] spring.jpa.open-in-view is enabled by default. Therefore, database queries may be performed during view rendering. Explicitly configure spring.jpa.open-in-view to disable this warning
2021-07-17 13:22:13,032 INFO o.s.s.w.DefaultSecurityFilterChain [main] Will secure any request with [org.springframework.security.web.context.request.async.WebAsyncManagerIntegrationFilter@714d7c7b, org.springframework.security.web.context.SecurityContextPersistenceFilter@4bba2704, org.springframework.security.web.header.HeaderWriterFilter@36570936, org.springframework.security.web.authentication.logout.LogoutFilter@18f794e, org.springframework.security.web.authentication.UsernamePasswordAuthenticationFilter@75aeec0a, org.springframework.security.web.savedrequest.RequestCacheAwareFilter@3ef04239, org.springframework.security.web.servletapi.SecurityContextHolderAwareRequestFilter@40da1644, org.springframework.security.web.authentication.AnonymousAuthenticationFilter@72ad577b, org.springframework.security.web.session.SessionManagementFilter@12f12744, org.springframework.security.web.access.ExceptionTranslationFilter@7dc9b41a, org.springframework.security.web.access.intercept.FilterSecurityInterceptor@4a00d591]
2021-07-17 13:22:13,456 INFO o.s.b.a.w.s.WelcomePageHandlerMapping [main] Adding welcome page template: index
2021-07-17 13:22:13,773 INFO o.s.m.w.MockServletContext [main] Initializing Spring TestDispatcherServlet ''
2021-07-17 13:22:13,773 INFO o.s.w.s.FrameworkServlet [main] Initializing Servlet ''
2021-07-17 13:22:13,775 INFO o.s.w.s.FrameworkServlet [main] Completed initialization in 1 ms
2021-07-17 13:22:13,794 INFO o.s.b.StartupInfoLogger [main] Started LoginTest in 5.138 seconds (JVM running for 6.618)
2021-07-17 13:22:13,796 INFO o.s.b.a.ApplicationAvailabilityBean [main] Application availability state LivenessState changed to CORRECT
2021-07-17 13:22:13,798 INFO o.s.b.a.ApplicationAvailabilityBean [main] Application availability state ReadinessState changed to ACCEPTING_TRAFFIC
2021-07-17 13:22:14,159 INFO c.v.a.p.a.UserServiceLoggingAspect [main] Успешная аутентификации пользователя: admin@gmail.com
