2021-07-14 17:13:37,674 INFO o.h.v.i.u.Version [background-preinit] HV000001: Hibernate Validator 6.2.0.Final
2021-07-14 17:13:37,914 INFO o.s.b.StartupInfoLogger [restartedMain] Starting ProjectApplication using Java 11.0.11 on progersapog with PID 99958 (/home/progersapog/Документы/SberITSchool-FinalProject/target/classes started by progersapog in /home/progersapog/Документы/SberITSchool-FinalProject)
2021-07-14 17:13:37,933 INFO o.s.b.SpringApplication [restartedMain] No active profile set, falling back to default profiles: default
2021-07-14 17:13:38,228 INFO o.s.b.l.DeferredLog [restartedMain] The Class-Path manifest attribute in /home/progersapog/.m2/repository/com/oracle/database/jdbc/ojdbc8/21.1.0.0/ojdbc8-21.1.0.0.jar referenced one or more files that do not exist: file:/home/progersapog/.m2/repository/com/oracle/database/jdbc/ojdbc8/21.1.0.0/oraclepki.jar
2021-07-14 17:13:38,236 INFO o.s.b.l.DeferredLog [restartedMain] Devtools property defaults active! Set 'spring.devtools.add-properties' to 'false' to disable
2021-07-14 17:13:38,237 INFO o.s.b.l.DeferredLog [restartedMain] For additional web related logging consider setting the 'logging.level.web' property to 'DEBUG'
2021-07-14 17:13:38,925 WARN o.s.c.l.CompositeLog [background-preinit] For Jackson Kotlin classes support please add "com.fasterxml.jackson.module:jackson-module-kotlin" to the classpath
2021-07-14 17:13:39,806 INFO o.s.d.r.c.RepositoryConfigurationDelegate [restartedMain] Bootstrapping Spring Data JPA repositories in DEFAULT mode.
2021-07-14 17:13:39,929 INFO o.s.d.r.c.RepositoryConfigurationDelegate [restartedMain] Finished Spring Data repository scanning in 111 ms. Found 5 JPA repository interfaces.
2021-07-14 17:13:40,932 INFO o.s.b.w.e.t.TomcatWebServer [restartedMain] Tomcat initialized with port(s): 8080 (http)
2021-07-14 17:13:40,945 INFO o.a.j.l.DirectJDKLog [restartedMain] Initializing ProtocolHandler ["http-nio-8080"]
2021-07-14 17:13:40,946 INFO o.a.j.l.DirectJDKLog [restartedMain] Starting service [Tomcat]
2021-07-14 17:13:40,947 INFO o.a.j.l.DirectJDKLog [restartedMain] Starting Servlet engine: [Apache Tomcat/9.0.46]
2021-07-14 17:13:41,333 INFO o.a.j.l.DirectJDKLog [restartedMain] At least one JAR was scanned for TLDs yet contained no TLDs. Enable debug logging for this logger for a complete list of JARs that were scanned but no TLDs were found in them. Skipping unneeded JARs during scanning can improve startup time and JSP compilation time.
2021-07-14 17:13:41,350 INFO o.a.j.l.DirectJDKLog [restartedMain] Initializing Spring embedded WebApplicationContext
2021-07-14 17:13:41,350 INFO o.s.b.w.s.c.ServletWebServerApplicationContext [restartedMain] Root WebApplicationContext: initialization completed in 3110 ms
2021-07-14 17:13:41,610 INFO c.z.h.HikariDataSource [restartedMain] HikariPool-1 - Starting...
2021-07-14 17:13:41,958 INFO c.z.h.HikariDataSource [restartedMain] HikariPool-1 - Start completed.
2021-07-14 17:13:42,015 INFO o.h.j.i.u.LogHelper [restartedMain] HHH000204: Processing PersistenceUnitInfo [name: default]
2021-07-14 17:13:42,068 INFO o.h.Version [restartedMain] HHH000412: Hibernate ORM core version 5.4.31.Final
2021-07-14 17:13:42,215 INFO o.h.a.c.r.j.JavaReflectionManager [restartedMain] HCANN000001: Hibernate Commons Annotations {5.1.2.Final}
2021-07-14 17:13:42,367 INFO o.h.d.Dialect [restartedMain] HHH000400: Using dialect: org.hibernate.dialect.Oracle12cDialect
2021-07-14 17:13:43,653 INFO o.h.e.t.j.p.i.JtaPlatformInitiator [restartedMain] HHH000490: Using JtaPlatform implementation: [org.hibernate.engine.transaction.jta.platform.internal.NoJtaPlatform]
2021-07-14 17:13:43,667 INFO o.s.o.j.AbstractEntityManagerFactoryBean [restartedMain] Initialized JPA EntityManagerFactory for persistence unit 'default'
2021-07-14 17:13:43,776 WARN o.s.b.a.o.j.JpaBaseConfiguration$JpaWebConfiguration [restartedMain] spring.jpa.open-in-view is enabled by default. Therefore, database queries may be performed during view rendering. Explicitly configure spring.jpa.open-in-view to disable this warning
2021-07-14 17:13:44,817 INFO o.s.s.w.DefaultSecurityFilterChain [restartedMain] Will secure any request with [org.springframework.security.web.context.request.async.WebAsyncManagerIntegrationFilter@67f0102d, org.springframework.security.web.context.SecurityContextPersistenceFilter@2bf12edd, org.springframework.security.web.header.HeaderWriterFilter@64850b5b, org.springframework.security.web.authentication.logout.LogoutFilter@6abaa1de, org.springframework.security.web.authentication.UsernamePasswordAuthenticationFilter@50efc738, org.springframework.security.web.savedrequest.RequestCacheAwareFilter@5dad141, org.springframework.security.web.servletapi.SecurityContextHolderAwareRequestFilter@330f471, org.springframework.security.web.authentication.AnonymousAuthenticationFilter@1c9ccb64, org.springframework.security.web.session.SessionManagementFilter@2bbbfe22, org.springframework.security.web.access.ExceptionTranslationFilter@17bfa3b2, org.springframework.security.web.access.intercept.FilterSecurityInterceptor@1ef85737]
2021-07-14 17:13:45,150 INFO o.s.b.a.w.s.WelcomePageHandlerMapping [restartedMain] Adding welcome page template: index
2021-07-14 17:13:45,672 INFO o.s.b.d.a.OptionalLiveReloadServer [restartedMain] LiveReload server is running on port 35729
2021-07-14 17:13:45,746 INFO o.a.j.l.DirectJDKLog [restartedMain] Starting ProtocolHandler ["http-nio-8080"]
2021-07-14 17:13:45,783 INFO o.s.b.w.e.t.TomcatWebServer [restartedMain] Tomcat started on port(s): 8080 (http) with context path ''
2021-07-14 17:13:45,811 INFO o.s.b.StartupInfoLogger [restartedMain] Started ProjectApplication in 9.71 seconds (JVM running for 13.185)
2021-07-14 17:13:45,815 INFO o.s.b.a.ApplicationAvailabilityBean [restartedMain] Application availability state LivenessState changed to CORRECT
2021-07-14 17:13:45,819 INFO o.s.b.a.ApplicationAvailabilityBean [restartedMain] Application availability state ReadinessState changed to ACCEPTING_TRAFFIC
2021-07-14 17:13:57,319 INFO o.s.b.a.ApplicationAvailabilityBean [SpringContextShutdownHook] Application availability state ReadinessState changed from ACCEPTING_TRAFFIC to REFUSING_TRAFFIC
