2021-07-17 13:19:58,359 INFO o.h.v.i.u.Version [background-preinit] HV000001: Hibernate Validator 6.2.0.Final
2021-07-17 13:19:58,392 INFO o.s.b.StartupInfoLogger [main] Starting LoginTest using Java 11.0.11 on progerSapog with PID 16807 (started by vladislove in /home/vladislove/Документы/SberITSchool-FinalProject)
2021-07-17 13:19:58,400 INFO o.s.b.SpringApplication [main] No active profile set, falling back to default profiles: default
2021-07-17 13:19:58,794 WARN o.s.c.l.CompositeLog [background-preinit] For Jackson Kotlin classes support please add "com.fasterxml.jackson.module:jackson-module-kotlin" to the classpath
2021-07-17 13:19:59,228 INFO o.s.d.r.c.RepositoryConfigurationDelegate [main] Bootstrapping Spring Data JPA repositories in DEFAULT mode.
2021-07-17 13:19:59,310 INFO o.s.d.r.c.RepositoryConfigurationDelegate [main] Finished Spring Data repository scanning in 72 ms. Found 5 JPA repository interfaces.
2021-07-17 13:20:00,134 INFO c.z.h.HikariDataSource [main] HikariPool-1 - Starting...
2021-07-17 13:20:00,471 INFO c.z.h.HikariDataSource [main] HikariPool-1 - Start completed.
2021-07-17 13:20:00,523 INFO o.h.j.i.u.LogHelper [main] HHH000204: Processing PersistenceUnitInfo [name: default]
2021-07-17 13:20:00,568 INFO o.h.Version [main] HHH000412: Hibernate ORM core version 5.4.31.Final
2021-07-17 13:20:00,701 INFO o.h.a.c.r.j.JavaReflectionManager [main] HCANN000001: Hibernate Commons Annotations {5.1.2.Final}
2021-07-17 13:20:00,838 INFO o.h.d.Dialect [main] HHH000400: Using dialect: org.hibernate.dialect.Oracle12cDialect
2021-07-17 13:20:01,674 INFO o.h.e.t.j.p.i.JtaPlatformInitiator [main] HHH000490: Using JtaPlatform implementation: [org.hibernate.engine.transaction.jta.platform.internal.NoJtaPlatform]
2021-07-17 13:20:01,683 INFO o.s.o.j.AbstractEntityManagerFactoryBean [main] Initialized JPA EntityManagerFactory for persistence unit 'default'
2021-07-17 13:20:01,771 WARN o.s.b.a.o.j.JpaBaseConfiguration$JpaWebConfiguration [main] spring.jpa.open-in-view is enabled by default. Therefore, database queries may be performed during view rendering. Explicitly configure spring.jpa.open-in-view to disable this warning
2021-07-17 13:20:02,542 INFO o.s.s.w.DefaultSecurityFilterChain [main] Will secure any request with [org.springframework.security.web.context.request.async.WebAsyncManagerIntegrationFilter@26bbbe9e, org.springframework.security.web.context.SecurityContextPersistenceFilter@344acc03, org.springframework.security.web.header.HeaderWriterFilter@f10927f, org.springframework.security.web.authentication.logout.LogoutFilter@13b5598b, org.springframework.security.web.authentication.UsernamePasswordAuthenticationFilter@77511e9c, org.springframework.security.web.savedrequest.RequestCacheAwareFilter@5b5f61cc, org.springframework.security.web.servletapi.SecurityContextHolderAwareRequestFilter@178c4480, org.springframework.security.web.authentication.AnonymousAuthenticationFilter@2ebd6a0d, org.springframework.security.web.session.SessionManagementFilter@775fec4, org.springframework.security.web.access.ExceptionTranslationFilter@3b62c51e, org.springframework.security.web.access.intercept.FilterSecurityInterceptor@20e9b10b]
2021-07-17 13:20:02,997 INFO o.s.b.a.w.s.WelcomePageHandlerMapping [main] Adding welcome page template: index
2021-07-17 13:20:03,308 INFO o.s.m.w.MockServletContext [main] Initializing Spring TestDispatcherServlet ''
2021-07-17 13:20:03,309 INFO o.s.w.s.FrameworkServlet [main] Initializing Servlet ''
2021-07-17 13:20:03,310 INFO o.s.w.s.FrameworkServlet [main] Completed initialization in 1 ms
2021-07-17 13:20:03,329 INFO o.s.b.StartupInfoLogger [main] Started LoginTest in 5.334 seconds (JVM running for 6.593)
2021-07-17 13:20:03,330 INFO o.s.b.a.ApplicationAvailabilityBean [main] Application availability state LivenessState changed to CORRECT
2021-07-17 13:20:03,332 INFO o.s.b.a.ApplicationAvailabilityBean [main] Application availability state ReadinessState changed to ACCEPTING_TRAFFIC
2021-07-17 13:20:03,763 INFO c.v.a.p.a.UserServiceLoggingAspect [main] Успешная аутентификации пользователя: admin@gmail.com
