2021-07-16 19:06:14,008 INFO o.h.v.i.u.Version [background-preinit] HV000001: Hibernate Validator 6.2.0.Final
2021-07-16 19:06:14,038 INFO o.s.b.StartupInfoLogger [restartedMain] Starting ProjectApplication using Java 11.0.11 on progerSapog with PID 14332 (/home/vladislove/Документы/SberITSchool-FinalProject/target/classes started by vladislove in /home/vladislove/Документы/SberITSchool-FinalProject)
2021-07-16 19:06:14,040 INFO o.s.b.SpringApplication [restartedMain] No active profile set, falling back to default profiles: default
2021-07-16 19:06:14,069 INFO o.s.b.l.DeferredLog [restartedMain] The Class-Path manifest attribute in /home/vladislove/.m2/repository/com/oracle/database/jdbc/ojdbc8/21.1.0.0/ojdbc8-21.1.0.0.jar referenced one or more files that do not exist: file:/home/vladislove/.m2/repository/com/oracle/database/jdbc/ojdbc8/21.1.0.0/oraclepki.jar
2021-07-16 19:06:14,069 INFO o.s.b.l.DeferredLog [restartedMain] Devtools property defaults active! Set 'spring.devtools.add-properties' to 'false' to disable
2021-07-16 19:06:14,070 INFO o.s.b.l.DeferredLog [restartedMain] For additional web related logging consider setting the 'logging.level.web' property to 'DEBUG'
2021-07-16 19:06:14,204 WARN o.s.c.l.CompositeLog [background-preinit] For Jackson Kotlin classes support please add "com.fasterxml.jackson.module:jackson-module-kotlin" to the classpath
2021-07-16 19:06:14,492 INFO o.s.d.r.c.RepositoryConfigurationDelegate [restartedMain] Bootstrapping Spring Data JPA repositories in DEFAULT mode.
2021-07-16 19:06:14,545 INFO o.s.d.r.c.RepositoryConfigurationDelegate [restartedMain] Finished Spring Data repository scanning in 48 ms. Found 5 JPA repository interfaces.
2021-07-16 19:06:15,000 INFO o.s.b.w.e.t.TomcatWebServer [restartedMain] Tomcat initialized with port(s): 8080 (http)
2021-07-16 19:06:15,006 INFO o.a.j.l.DirectJDKLog [restartedMain] Initializing ProtocolHandler ["http-nio-8080"]
2021-07-16 19:06:15,007 INFO o.a.j.l.DirectJDKLog [restartedMain] Starting service [Tomcat]
2021-07-16 19:06:15,007 INFO o.a.j.l.DirectJDKLog [restartedMain] Starting Servlet engine: [Apache Tomcat/9.0.46]
2021-07-16 19:06:15,157 INFO o.a.j.l.DirectJDKLog [restartedMain] At least one JAR was scanned for TLDs yet contained no TLDs. Enable debug logging for this logger for a complete list of JARs that were scanned but no TLDs were found in them. Skipping unneeded JARs during scanning can improve startup time and JSP compilation time.
2021-07-16 19:06:15,163 INFO o.a.j.l.DirectJDKLog [restartedMain] Initializing Spring embedded WebApplicationContext
2021-07-16 19:06:15,164 INFO o.s.b.w.s.c.ServletWebServerApplicationContext [restartedMain] Root WebApplicationContext: initialization completed in 1094 ms
2021-07-16 19:06:15,264 INFO c.z.h.HikariDataSource [restartedMain] HikariPool-1 - Starting...
2021-07-16 19:06:15,507 INFO c.z.h.HikariDataSource [restartedMain] HikariPool-1 - Start completed.
2021-07-16 19:06:15,531 INFO o.h.j.i.u.LogHelper [restartedMain] HHH000204: Processing PersistenceUnitInfo [name: default]
2021-07-16 19:06:15,554 INFO o.h.Version [restartedMain] HHH000412: Hibernate ORM core version 5.4.31.Final
2021-07-16 19:06:15,607 INFO o.h.a.c.r.j.JavaReflectionManager [restartedMain] HCANN000001: Hibernate Commons Annotations {5.1.2.Final}
2021-07-16 19:06:15,667 INFO o.h.d.Dialect [restartedMain] HHH000400: Using dialect: org.hibernate.dialect.Oracle12cDialect
2021-07-16 19:06:16,563 INFO o.h.e.t.j.p.i.JtaPlatformInitiator [restartedMain] HHH000490: Using JtaPlatform implementation: [org.hibernate.engine.transaction.jta.platform.internal.NoJtaPlatform]
2021-07-16 19:06:16,568 INFO o.s.o.j.AbstractEntityManagerFactoryBean [restartedMain] Initialized JPA EntityManagerFactory for persistence unit 'default'
2021-07-16 19:06:16,603 WARN o.s.b.a.o.j.JpaBaseConfiguration$JpaWebConfiguration [restartedMain] spring.jpa.open-in-view is enabled by default. Therefore, database queries may be performed during view rendering. Explicitly configure spring.jpa.open-in-view to disable this warning
2021-07-16 19:06:17,005 INFO o.s.s.w.DefaultSecurityFilterChain [restartedMain] Will secure any request with [org.springframework.security.web.context.request.async.WebAsyncManagerIntegrationFilter@2e8b1049, org.springframework.security.web.context.SecurityContextPersistenceFilter@1cf1339a, org.springframework.security.web.header.HeaderWriterFilter@13976cd1, org.springframework.security.web.authentication.logout.LogoutFilter@4c041426, org.springframework.security.web.authentication.UsernamePasswordAuthenticationFilter@19c20017, org.springframework.security.web.savedrequest.RequestCacheAwareFilter@75124f6d, org.springframework.security.web.servletapi.SecurityContextHolderAwareRequestFilter@359449d2, org.springframework.security.web.authentication.AnonymousAuthenticationFilter@186608b0, org.springframework.security.web.session.SessionManagementFilter@424c4e8f, org.springframework.security.web.access.ExceptionTranslationFilter@3588d919, org.springframework.security.web.access.intercept.FilterSecurityInterceptor@4e064179]
2021-07-16 19:06:17,129 INFO o.s.b.a.w.s.WelcomePageHandlerMapping [restartedMain] Adding welcome page template: index
2021-07-16 19:06:17,239 INFO o.s.b.d.a.OptionalLiveReloadServer [restartedMain] LiveReload server is running on port 35729
2021-07-16 19:06:17,263 INFO o.a.j.l.DirectJDKLog [restartedMain] Starting ProtocolHandler ["http-nio-8080"]
2021-07-16 19:06:17,278 INFO o.s.b.w.e.t.TomcatWebServer [restartedMain] Tomcat started on port(s): 8080 (http) with context path ''
2021-07-16 19:06:17,304 INFO o.s.b.StartupInfoLogger [restartedMain] Started ProjectApplication in 3.642 seconds (JVM running for 4.457)
2021-07-16 19:06:17,306 INFO o.s.b.a.ApplicationAvailabilityBean [restartedMain] Application availability state LivenessState changed to CORRECT
2021-07-16 19:06:17,308 INFO o.s.b.a.ApplicationAvailabilityBean [restartedMain] Application availability state ReadinessState changed to ACCEPTING_TRAFFIC
2021-07-16 19:06:33,787 INFO o.a.j.l.DirectJDKLog [http-nio-8080-exec-1] Initializing Spring DispatcherServlet 'dispatcherServlet'
2021-07-16 19:06:33,787 INFO o.s.w.s.FrameworkServlet [http-nio-8080-exec-1] Initializing Servlet 'dispatcherServlet'
2021-07-16 19:06:33,788 INFO o.s.w.s.FrameworkServlet [http-nio-8080-exec-1] Completed initialization in 1 ms
2021-07-16 19:06:37,388 INFO c.v.a.p.a.DepartmentServiceLoggingAspect [http-nio-8080-exec-5] Получение всех записей таблицы CATHEDRA
2021-07-16 19:06:37,396 INFO c.v.a.p.a.AcademicDegreeServiceLoggingAspect [http-nio-8080-exec-5] Получение всех записей таблицы ACADEMIC_DEGREE
2021-07-16 19:06:58,305 INFO c.v.a.p.a.DepartmentServiceLoggingAspect [http-nio-8080-exec-7] Получение всех записей таблицы CATHEDRA
2021-07-16 19:06:58,308 INFO c.v.a.p.a.AcademicDegreeServiceLoggingAspect [http-nio-8080-exec-7] Получение всех записей таблицы ACADEMIC_DEGREE
2021-07-16 19:06:58,455 INFO c.v.a.p.a.UserServiceLoggingAspect [http-nio-8080-exec-7] Добавление пользователяivan@gmail.com в таблицу USERS
2021-07-16 19:07:05,961 INFO c.v.a.p.a.UserServiceLoggingAspect [http-nio-8080-exec-2] Успешная аутентификации пользователя: ivan@gmail.com
2021-07-16 19:07:21,301 INFO c.v.a.p.a.ApplicationServiceLoggingAspect [http-nio-8080-exec-5] Получение всех записей таблицы APPLICATIONS
2021-07-16 19:07:25,755 INFO c.v.a.p.a.ApplicationServiceLoggingAspect [http-nio-8080-exec-9] Сохранение в таблицу записи № 21
2021-07-16 19:07:25,782 INFO c.v.a.p.a.ApplicationServiceLoggingAspect [http-nio-8080-exec-10] Получение всех записей таблицы APPLICATIONS
2021-07-16 19:07:30,583 INFO c.v.a.p.a.ApplicationServiceLoggingAspect [http-nio-8080-exec-4] Сохранение в таблицу записи № 22
2021-07-16 19:07:30,595 INFO c.v.a.p.a.ApplicationServiceLoggingAspect [http-nio-8080-exec-5] Получение всех записей таблицы APPLICATIONS
2021-07-16 19:07:36,087 INFO c.v.a.p.a.ApplicationServiceLoggingAspect [http-nio-8080-exec-8] Удаление из таблицы записи №21
2021-07-16 19:07:36,099 INFO c.v.a.p.a.ApplicationServiceLoggingAspect [http-nio-8080-exec-9] Получение всех записей таблицы APPLICATIONS
2021-07-16 19:07:44,297 INFO c.v.a.p.a.ApplicationServiceLoggingAspect [http-nio-8080-exec-3] Сохранение в таблицу записи № 22
2021-07-16 19:07:44,308 INFO c.v.a.p.a.ApplicationServiceLoggingAspect [http-nio-8080-exec-4] Получение всех записей таблицы APPLICATIONS
2021-07-16 19:07:53,407 INFO c.v.a.p.a.UserServiceLoggingAspect [http-nio-8080-exec-1] Успешная аутентификации пользователя: ivan@gmail.com
2021-07-16 19:07:57,755 INFO c.v.a.p.a.DepartmentServiceLoggingAspect [http-nio-8080-exec-4] Получение всех записей таблицы CATHEDRA
2021-07-16 19:07:57,757 INFO c.v.a.p.a.AcademicDegreeServiceLoggingAspect [http-nio-8080-exec-4] Получение всех записей таблицы ACADEMIC_DEGREE
2021-07-16 19:08:08,588 INFO c.v.a.p.a.UserServiceLoggingAspect [http-nio-8080-exec-6] Получение из таблицы USERS записи № 23
2021-07-16 19:08:08,590 INFO c.v.a.p.a.DepartmentServiceLoggingAspect [http-nio-8080-exec-6] Получение всех записей таблицы CATHEDRA
2021-07-16 19:08:08,592 INFO c.v.a.p.a.AcademicDegreeServiceLoggingAspect [http-nio-8080-exec-6] Получение всех записей таблицы ACADEMIC_DEGREE
2021-07-16 19:08:08,773 INFO c.v.a.p.a.UserServiceLoggingAspect [http-nio-8080-exec-6] Изменение пользователя ivan@gmail.com прошло успешно
2021-07-16 19:08:13,288 INFO c.v.a.p.a.UserServiceLoggingAspect [http-nio-8080-exec-2] Успешная аутентификации пользователя: ivan@gmail.com
2021-07-16 19:08:14,567 INFO c.v.a.p.a.ApplicationServiceLoggingAspect [http-nio-8080-exec-5] Получение всех записей таблицы APPLICATIONS
2021-07-16 19:08:21,472 INFO c.v.a.p.a.ApplicationServiceLoggingAspect [http-nio-8080-exec-9] Сохранение в таблицу записи № 23
2021-07-16 19:08:21,482 INFO c.v.a.p.a.ApplicationServiceLoggingAspect [http-nio-8080-exec-10] Получение всех записей таблицы APPLICATIONS
2021-07-16 19:08:29,046 INFO c.v.a.p.a.UserServiceLoggingAspect [http-nio-8080-exec-9] Успешная аутентификации пользователя: admin@gmail.com
2021-07-16 19:08:35,011 INFO c.v.a.p.a.UserServiceLoggingAspect [http-nio-8080-exec-2] Получение всех записей таблицы USERS
2021-07-16 19:08:44,926 INFO c.v.a.p.a.DepartmentServiceLoggingAspect [http-nio-8080-exec-7] Получение всех записей таблицы CATHEDRA
2021-07-16 19:08:47,022 INFO c.v.a.p.a.DepartmentServiceLoggingAspect [http-nio-8080-exec-9] Выбор записи № 5 из таблицы CATHEDRA
2021-07-16 19:08:54,270 INFO c.v.a.p.a.DepartmentServiceLoggingAspect [http-nio-8080-exec-1] Сохранение в таблицу кафедры КТПП 5
2021-07-16 19:08:54,276 INFO c.v.a.p.a.DepartmentServiceLoggingAspect [http-nio-8080-exec-2] Получение всех записей таблицы CATHEDRA
2021-07-16 19:08:58,487 INFO c.v.a.p.a.UserServiceLoggingAspect [http-nio-8080-exec-6] Получение всех записей таблицы USERS
2021-07-16 19:09:06,968 INFO c.v.a.p.a.ApplicationServiceLoggingAspect [http-nio-8080-exec-10] Получение всех записей таблицы APPLICATIONS
2021-07-16 19:09:08,827 INFO c.v.a.p.a.ApplicationServiceLoggingAspect [http-nio-8080-exec-2] Удаление из таблицы записи №22
2021-07-16 19:09:08,837 INFO c.v.a.p.a.ApplicationServiceLoggingAspect [http-nio-8080-exec-3] Получение всех записей таблицы APPLICATIONS
2021-07-16 19:09:17,847 INFO c.v.a.p.a.UserServiceLoggingAspect [http-nio-8080-exec-2] Успешная аутентификации пользователя: admin@gmail.com
2021-07-16 19:09:23,079 INFO c.v.a.p.a.UserServiceLoggingAspect [http-nio-8080-exec-5] Успешная аутентификации пользователя: admin@gmail.com
2021-07-16 19:09:29,102 INFO c.v.a.p.a.UserServiceLoggingAspect [http-nio-8080-exec-8] Получение всех записей таблицы USERS
2021-07-16 19:09:31,081 INFO c.v.a.p.a.UserServiceLoggingAspect [http-nio-8080-exec-10] Получение из таблицы USERS записи № 9
2021-07-16 19:09:34,750 INFO c.v.a.p.a.UserServiceLoggingAspect [http-nio-8080-exec-3] Получение всех записей таблицы USERS
2021-07-16 19:09:38,886 INFO c.v.a.p.a.UserServiceLoggingAspect [http-nio-8080-exec-5] Удаление из таблицы USERS пользователя № 23
2021-07-16 19:09:38,898 INFO c.v.a.p.a.UserServiceLoggingAspect [http-nio-8080-exec-6] Получение всех записей таблицы USERS
2021-07-16 19:09:41,654 INFO c.v.a.p.a.DepartmentServiceLoggingAspect [http-nio-8080-exec-10] Получение всех записей таблицы CATHEDRA
2021-07-16 19:09:44,205 INFO c.v.a.p.a.DepartmentServiceLoggingAspect [http-nio-8080-exec-2] Удаление из таблицы кафедры №5
2021-07-16 19:09:44,210 INFO c.v.a.p.a.DepartmentServiceLoggingAspect [http-nio-8080-exec-3] Получение всех записей таблицы CATHEDRA
2021-07-16 19:09:47,394 INFO c.v.a.p.a.UserServiceLoggingAspect [http-nio-8080-exec-7] Получение всех записей таблицы USERS
2021-07-16 19:09:50,395 INFO c.v.a.p.a.UserServiceLoggingAspect [http-nio-8080-exec-9] Удаление из таблицы USERS пользователя № 22
2021-07-16 19:09:50,406 INFO c.v.a.p.a.UserServiceLoggingAspect [http-nio-8080-exec-10] Получение всех записей таблицы USERS
2021-07-16 19:09:53,037 INFO c.v.a.p.a.DepartmentServiceLoggingAspect [http-nio-8080-exec-2] Получение всех записей таблицы CATHEDRA
2021-07-16 19:09:53,039 INFO c.v.a.p.a.AcademicDegreeServiceLoggingAspect [http-nio-8080-exec-2] Получение всех записей таблицы ACADEMIC_DEGREE
2021-07-16 19:10:37,679 INFO c.v.a.p.a.UserServiceLoggingAspect [http-nio-8080-exec-5] Получение всех записей таблицы USERS
2021-07-16 19:10:43,448 INFO c.v.a.p.a.DepartmentServiceLoggingAspect [http-nio-8080-exec-4] Получение всех записей таблицы CATHEDRA
2021-07-16 19:10:43,449 INFO c.v.a.p.a.AcademicDegreeServiceLoggingAspect [http-nio-8080-exec-4] Получение всех записей таблицы ACADEMIC_DEGREE
2021-07-16 19:11:04,980 INFO c.v.a.p.a.DepartmentServiceLoggingAspect [http-nio-8080-exec-6] Получение всех записей таблицы CATHEDRA
2021-07-16 19:11:04,981 INFO c.v.a.p.a.AcademicDegreeServiceLoggingAspect [http-nio-8080-exec-6] Получение всех записей таблицы ACADEMIC_DEGREE
2021-07-16 19:11:05,085 INFO c.v.a.p.a.UserServiceLoggingAspect [http-nio-8080-exec-6] Добавление пользователяivan@gmail.com в таблицу USERS
2021-07-16 19:11:13,322 INFO c.v.a.p.a.UserServiceLoggingAspect [http-nio-8080-exec-1] Успешная аутентификации пользователя: ivan@gmail.com
2021-07-16 19:19:22,829 INFO o.s.b.a.ApplicationAvailabilityBean [Thread-8] Application availability state ReadinessState changed from ACCEPTING_TRAFFIC to REFUSING_TRAFFIC
2021-07-16 19:19:22,870 INFO o.s.o.j.AbstractEntityManagerFactoryBean [Thread-8] Closing JPA EntityManagerFactory for persistence unit 'default'
2021-07-16 19:19:22,875 INFO c.z.h.HikariDataSource [Thread-8] HikariPool-1 - Shutdown initiated...
2021-07-16 19:19:22,900 INFO c.z.h.HikariDataSource [Thread-8] HikariPool-1 - Shutdown completed.
2021-07-16 19:19:23,016 INFO o.s.b.StartupInfoLogger [restartedMain] Starting ProjectApplication using Java 11.0.11 on progerSapog with PID 14332 (/home/vladislove/Документы/SberITSchool-FinalProject/target/classes started by vladislove in /home/vladislove/Документы/SberITSchool-FinalProject)
2021-07-16 19:19:23,017 INFO o.s.b.SpringApplication [restartedMain] No active profile set, falling back to default profiles: default
2021-07-16 19:19:23,198 INFO o.s.d.r.c.RepositoryConfigurationDelegate [restartedMain] Bootstrapping Spring Data JPA repositories in DEFAULT mode.
2021-07-16 19:19:23,209 INFO o.s.d.r.c.RepositoryConfigurationDelegate [restartedMain] Finished Spring Data repository scanning in 10 ms. Found 5 JPA repository interfaces.
2021-07-16 19:19:23,304 INFO o.s.b.w.e.t.TomcatWebServer [restartedMain] Tomcat initialized with port(s): 8080 (http)
2021-07-16 19:19:23,305 INFO o.a.j.l.DirectJDKLog [restartedMain] Initializing ProtocolHandler ["http-nio-8080"]
2021-07-16 19:19:23,305 INFO o.a.j.l.DirectJDKLog [restartedMain] Starting service [Tomcat]
2021-07-16 19:19:23,305 INFO o.a.j.l.DirectJDKLog [restartedMain] Starting Servlet engine: [Apache Tomcat/9.0.46]
2021-07-16 19:19:23,362 INFO o.a.j.l.DirectJDKLog [restartedMain] At least one JAR was scanned for TLDs yet contained no TLDs. Enable debug logging for this logger for a complete list of JARs that were scanned but no TLDs were found in them. Skipping unneeded JARs during scanning can improve startup time and JSP compilation time.
2021-07-16 19:19:23,363 INFO o.a.j.l.DirectJDKLog [restartedMain] Initializing Spring embedded WebApplicationContext
2021-07-16 19:19:23,363 INFO o.s.b.w.s.c.ServletWebServerApplicationContext [restartedMain] Root WebApplicationContext: initialization completed in 341 ms
2021-07-16 19:19:23,379 WARN o.a.j.l.DirectJDKLog [restartedMain] Cannot deserialize session attribute [SPRING_SECURITY_CONTEXT] for session [EB64F045FE93E0D88218E64C61D33CA7]
2021-07-16 19:19:23,408 INFO c.z.h.HikariDataSource [restartedMain] HikariPool-2 - Starting...
2021-07-16 19:19:23,485 INFO c.z.h.HikariDataSource [restartedMain] HikariPool-2 - Start completed.
2021-07-16 19:19:23,487 INFO o.h.j.i.u.LogHelper [restartedMain] HHH000204: Processing PersistenceUnitInfo [name: default]
2021-07-16 19:19:23,491 INFO o.h.d.Dialect [restartedMain] HHH000400: Using dialect: org.hibernate.dialect.Oracle12cDialect
2021-07-16 19:19:23,571 INFO o.h.e.t.j.p.i.JtaPlatformInitiator [restartedMain] HHH000490: Using JtaPlatform implementation: [org.hibernate.engine.transaction.jta.platform.internal.NoJtaPlatform]
2021-07-16 19:19:23,571 INFO o.s.o.j.AbstractEntityManagerFactoryBean [restartedMain] Initialized JPA EntityManagerFactory for persistence unit 'default'
2021-07-16 19:19:23,597 WARN o.s.b.a.o.j.JpaBaseConfiguration$JpaWebConfiguration [restartedMain] spring.jpa.open-in-view is enabled by default. Therefore, database queries may be performed during view rendering. Explicitly configure spring.jpa.open-in-view to disable this warning
2021-07-16 19:19:23,825 INFO o.s.s.w.DefaultSecurityFilterChain [restartedMain] Will secure any request with [org.springframework.security.web.context.request.async.WebAsyncManagerIntegrationFilter@56c0e491, org.springframework.security.web.context.SecurityContextPersistenceFilter@66518812, org.springframework.security.web.header.HeaderWriterFilter@434ad347, org.springframework.security.web.authentication.logout.LogoutFilter@65219168, org.springframework.security.web.authentication.UsernamePasswordAuthenticationFilter@624070b9, org.springframework.security.web.savedrequest.RequestCacheAwareFilter@11ccf398, org.springframework.security.web.servletapi.SecurityContextHolderAwareRequestFilter@489ca0d, org.springframework.security.web.authentication.AnonymousAuthenticationFilter@31422c0c, org.springframework.security.web.session.SessionManagementFilter@8807b0e, org.springframework.security.web.access.ExceptionTranslationFilter@544475dd, org.springframework.security.web.access.intercept.FilterSecurityInterceptor@4664fd40]
2021-07-16 19:19:23,894 INFO o.s.b.a.w.s.WelcomePageHandlerMapping [restartedMain] Adding welcome page template: index
2021-07-16 19:19:23,966 INFO o.s.b.d.a.OptionalLiveReloadServer [restartedMain] LiveReload server is running on port 35729
2021-07-16 19:19:23,993 INFO o.a.j.l.DirectJDKLog [restartedMain] Starting ProtocolHandler ["http-nio-8080"]
2021-07-16 19:19:23,996 INFO o.s.b.w.e.t.TomcatWebServer [restartedMain] Tomcat started on port(s): 8080 (http) with context path ''
2021-07-16 19:19:24,003 INFO o.s.b.StartupInfoLogger [restartedMain] Started ProjectApplication in 1.022 seconds (JVM running for 791.155)
2021-07-16 19:19:24,004 INFO o.s.b.a.ApplicationAvailabilityBean [restartedMain] Application availability state LivenessState changed to CORRECT
2021-07-16 19:19:24,007 INFO o.s.b.d.a.ConditionEvaluationDeltaLoggingListener [restartedMain] Condition evaluation unchanged
2021-07-16 19:19:24,008 INFO o.s.b.a.ApplicationAvailabilityBean [restartedMain] Application availability state ReadinessState changed to ACCEPTING_TRAFFIC
2021-07-16 19:19:25,373 INFO o.s.b.a.ApplicationAvailabilityBean [Thread-49] Application availability state ReadinessState changed from ACCEPTING_TRAFFIC to REFUSING_TRAFFIC
2021-07-16 19:19:25,390 INFO o.s.o.j.AbstractEntityManagerFactoryBean [Thread-49] Closing JPA EntityManagerFactory for persistence unit 'default'
2021-07-16 19:19:25,391 INFO c.z.h.HikariDataSource [Thread-49] HikariPool-2 - Shutdown initiated...
2021-07-16 19:19:25,403 INFO c.z.h.HikariDataSource [Thread-49] HikariPool-2 - Shutdown completed.
2021-07-16 19:19:25,482 INFO o.s.b.StartupInfoLogger [restartedMain] Starting ProjectApplication using Java 11.0.11 on progerSapog with PID 14332 (/home/vladislove/Документы/SberITSchool-FinalProject/target/classes started by vladislove in /home/vladislove/Документы/SberITSchool-FinalProject)
2021-07-16 19:19:25,482 INFO o.s.b.SpringApplication [restartedMain] No active profile set, falling back to default profiles: default
2021-07-16 19:19:25,590 INFO o.s.d.r.c.RepositoryConfigurationDelegate [restartedMain] Bootstrapping Spring Data JPA repositories in DEFAULT mode.
2021-07-16 19:19:25,606 INFO o.s.d.r.c.RepositoryConfigurationDelegate [restartedMain] Finished Spring Data repository scanning in 15 ms. Found 5 JPA repository interfaces.
2021-07-16 19:19:25,698 INFO o.s.b.w.e.t.TomcatWebServer [restartedMain] Tomcat initialized with port(s): 8080 (http)
2021-07-16 19:19:25,699 INFO o.a.j.l.DirectJDKLog [restartedMain] Initializing ProtocolHandler ["http-nio-8080"]
2021-07-16 19:19:25,699 INFO o.a.j.l.DirectJDKLog [restartedMain] Starting service [Tomcat]
2021-07-16 19:19:25,700 INFO o.a.j.l.DirectJDKLog [restartedMain] Starting Servlet engine: [Apache Tomcat/9.0.46]
2021-07-16 19:19:25,756 INFO o.a.j.l.DirectJDKLog [restartedMain] At least one JAR was scanned for TLDs yet contained no TLDs. Enable debug logging for this logger for a complete list of JARs that were scanned but no TLDs were found in them. Skipping unneeded JARs during scanning can improve startup time and JSP compilation time.
2021-07-16 19:19:25,757 INFO o.a.j.l.DirectJDKLog [restartedMain] Initializing Spring embedded WebApplicationContext
2021-07-16 19:19:25,757 INFO o.s.b.w.s.c.ServletWebServerApplicationContext [restartedMain] Root WebApplicationContext: initialization completed in 273 ms
2021-07-16 19:19:25,796 INFO c.z.h.HikariDataSource [restartedMain] HikariPool-3 - Starting...
2021-07-16 19:19:25,878 INFO c.z.h.HikariDataSource [restartedMain] HikariPool-3 - Start completed.
2021-07-16 19:19:25,882 INFO o.h.j.i.u.LogHelper [restartedMain] HHH000204: Processing PersistenceUnitInfo [name: default]
2021-07-16 19:19:25,886 INFO o.h.d.Dialect [restartedMain] HHH000400: Using dialect: org.hibernate.dialect.Oracle12cDialect
2021-07-16 19:19:25,961 INFO o.h.e.t.j.p.i.JtaPlatformInitiator [restartedMain] HHH000490: Using JtaPlatform implementation: [org.hibernate.engine.transaction.jta.platform.internal.NoJtaPlatform]
2021-07-16 19:19:25,962 INFO o.s.o.j.AbstractEntityManagerFactoryBean [restartedMain] Initialized JPA EntityManagerFactory for persistence unit 'default'
2021-07-16 19:19:25,983 WARN o.s.b.a.o.j.JpaBaseConfiguration$JpaWebConfiguration [restartedMain] spring.jpa.open-in-view is enabled by default. Therefore, database queries may be performed during view rendering. Explicitly configure spring.jpa.open-in-view to disable this warning
2021-07-16 19:19:26,167 INFO o.s.s.w.DefaultSecurityFilterChain [restartedMain] Will secure any request with [org.springframework.security.web.context.request.async.WebAsyncManagerIntegrationFilter@465002e2, org.springframework.security.web.context.SecurityContextPersistenceFilter@12e87819, org.springframework.security.web.header.HeaderWriterFilter@5faa7f2, org.springframework.security.web.authentication.logout.LogoutFilter@5a9e4749, org.springframework.security.web.authentication.UsernamePasswordAuthenticationFilter@374885b7, org.springframework.security.web.savedrequest.RequestCacheAwareFilter@5d2273a2, org.springframework.security.web.servletapi.SecurityContextHolderAwareRequestFilter@d379ac3, org.springframework.security.web.authentication.AnonymousAuthenticationFilter@4e41c34, org.springframework.security.web.session.SessionManagementFilter@684dd36a, org.springframework.security.web.access.ExceptionTranslationFilter@7de64c7a, org.springframework.security.web.access.intercept.FilterSecurityInterceptor@537a906f]
2021-07-16 19:19:26,217 INFO o.s.b.a.w.s.WelcomePageHandlerMapping [restartedMain] Adding welcome page template: index
2021-07-16 19:19:26,276 INFO o.s.b.d.a.OptionalLiveReloadServer [restartedMain] LiveReload server is running on port 35729
2021-07-16 19:19:26,289 INFO o.a.j.l.DirectJDKLog [restartedMain] Starting ProtocolHandler ["http-nio-8080"]
2021-07-16 19:19:26,291 INFO o.s.b.w.e.t.TomcatWebServer [restartedMain] Tomcat started on port(s): 8080 (http) with context path ''
2021-07-16 19:19:26,297 INFO o.s.b.StartupInfoLogger [restartedMain] Started ProjectApplication in 0.843 seconds (JVM running for 793.45)
2021-07-16 19:19:26,297 INFO o.s.b.a.ApplicationAvailabilityBean [restartedMain] Application availability state LivenessState changed to CORRECT
2021-07-16 19:19:26,299 INFO o.s.b.d.a.ConditionEvaluationDeltaLoggingListener [restartedMain] Condition evaluation unchanged
2021-07-16 19:19:26,299 INFO o.s.b.a.ApplicationAvailabilityBean [restartedMain] Application availability state ReadinessState changed to ACCEPTING_TRAFFIC
2021-07-16 19:26:49,637 INFO o.s.b.a.ApplicationAvailabilityBean [Thread-55] Application availability state ReadinessState changed from ACCEPTING_TRAFFIC to REFUSING_TRAFFIC
2021-07-16 19:26:49,654 INFO o.s.o.j.AbstractEntityManagerFactoryBean [Thread-55] Closing JPA EntityManagerFactory for persistence unit 'default'
2021-07-16 19:26:49,655 INFO c.z.h.HikariDataSource [Thread-55] HikariPool-3 - Shutdown initiated...
2021-07-16 19:26:49,669 INFO c.z.h.HikariDataSource [Thread-55] HikariPool-3 - Shutdown completed.
2021-07-16 19:26:49,759 INFO o.s.b.StartupInfoLogger [restartedMain] Starting ProjectApplication using Java 11.0.11 on progerSapog with PID 14332 (/home/vladislove/Документы/SberITSchool-FinalProject/target/classes started by vladislove in /home/vladislove/Документы/SberITSchool-FinalProject)
2021-07-16 19:26:49,760 INFO o.s.b.SpringApplication [restartedMain] No active profile set, falling back to default profiles: default
2021-07-16 19:26:49,921 INFO o.s.d.r.c.RepositoryConfigurationDelegate [restartedMain] Bootstrapping Spring Data JPA repositories in DEFAULT mode.
2021-07-16 19:26:49,932 INFO o.s.d.r.c.RepositoryConfigurationDelegate [restartedMain] Finished Spring Data repository scanning in 10 ms. Found 5 JPA repository interfaces.
2021-07-16 19:26:50,031 INFO o.s.b.w.e.t.TomcatWebServer [restartedMain] Tomcat initialized with port(s): 8080 (http)
2021-07-16 19:26:50,032 INFO o.a.j.l.DirectJDKLog [restartedMain] Initializing ProtocolHandler ["http-nio-8080"]
2021-07-16 19:26:50,032 INFO o.a.j.l.DirectJDKLog [restartedMain] Starting service [Tomcat]
2021-07-16 19:26:50,033 INFO o.a.j.l.DirectJDKLog [restartedMain] Starting Servlet engine: [Apache Tomcat/9.0.46]
2021-07-16 19:26:50,079 INFO o.a.j.l.DirectJDKLog [restartedMain] At least one JAR was scanned for TLDs yet contained no TLDs. Enable debug logging for this logger for a complete list of JARs that were scanned but no TLDs were found in them. Skipping unneeded JARs during scanning can improve startup time and JSP compilation time.
2021-07-16 19:26:50,080 INFO o.a.j.l.DirectJDKLog [restartedMain] Initializing Spring embedded WebApplicationContext
2021-07-16 19:26:50,080 INFO o.s.b.w.s.c.ServletWebServerApplicationContext [restartedMain] Root WebApplicationContext: initialization completed in 317 ms
2021-07-16 19:26:50,116 INFO c.z.h.HikariDataSource [restartedMain] HikariPool-4 - Starting...
2021-07-16 19:26:50,168 INFO c.z.h.HikariDataSource [restartedMain] HikariPool-4 - Start completed.
2021-07-16 19:26:50,170 INFO o.h.j.i.u.LogHelper [restartedMain] HHH000204: Processing PersistenceUnitInfo [name: default]
2021-07-16 19:26:50,173 INFO o.h.d.Dialect [restartedMain] HHH000400: Using dialect: org.hibernate.dialect.Oracle12cDialect
2021-07-16 19:26:50,242 INFO o.h.e.t.j.p.i.JtaPlatformInitiator [restartedMain] HHH000490: Using JtaPlatform implementation: [org.hibernate.engine.transaction.jta.platform.internal.NoJtaPlatform]
2021-07-16 19:26:50,242 INFO o.s.o.j.AbstractEntityManagerFactoryBean [restartedMain] Initialized JPA EntityManagerFactory for persistence unit 'default'
2021-07-16 19:26:50,259 WARN o.s.b.a.o.j.JpaBaseConfiguration$JpaWebConfiguration [restartedMain] spring.jpa.open-in-view is enabled by default. Therefore, database queries may be performed during view rendering. Explicitly configure spring.jpa.open-in-view to disable this warning
2021-07-16 19:26:50,409 INFO o.s.s.w.DefaultSecurityFilterChain [restartedMain] Will secure any request with [org.springframework.security.web.context.request.async.WebAsyncManagerIntegrationFilter@5f3a196f, org.springframework.security.web.context.SecurityContextPersistenceFilter@7f6a7693, org.springframework.security.web.header.HeaderWriterFilter@296061a, org.springframework.security.web.authentication.logout.LogoutFilter@6a389bd4, org.springframework.security.web.authentication.UsernamePasswordAuthenticationFilter@2ba4aa0a, org.springframework.security.web.savedrequest.RequestCacheAwareFilter@4f8fc1ad, org.springframework.security.web.servletapi.SecurityContextHolderAwareRequestFilter@7d1ba890, org.springframework.security.web.authentication.AnonymousAuthenticationFilter@385dba99, org.springframework.security.web.session.SessionManagementFilter@475f96ad, org.springframework.security.web.access.ExceptionTranslationFilter@70b80dae, org.springframework.security.web.access.intercept.FilterSecurityInterceptor@5fd2d985]
2021-07-16 19:26:50,460 INFO o.s.b.a.w.s.WelcomePageHandlerMapping [restartedMain] Adding welcome page template: index
2021-07-16 19:26:50,512 INFO o.s.b.d.a.OptionalLiveReloadServer [restartedMain] LiveReload server is running on port 35729
2021-07-16 19:26:50,522 INFO o.a.j.l.DirectJDKLog [restartedMain] Starting ProtocolHandler ["http-nio-8080"]
2021-07-16 19:26:50,525 INFO o.s.b.w.e.t.TomcatWebServer [restartedMain] Tomcat started on port(s): 8080 (http) with context path ''
2021-07-16 19:26:50,529 INFO o.s.b.StartupInfoLogger [restartedMain] Started ProjectApplication in 0.798 seconds (JVM running for 1237.682)
2021-07-16 19:26:50,530 INFO o.s.b.a.ApplicationAvailabilityBean [restartedMain] Application availability state LivenessState changed to CORRECT
2021-07-16 19:26:50,531 INFO o.s.b.d.a.ConditionEvaluationDeltaLoggingListener [restartedMain] Condition evaluation unchanged
2021-07-16 19:26:50,532 INFO o.s.b.a.ApplicationAvailabilityBean [restartedMain] Application availability state ReadinessState changed to ACCEPTING_TRAFFIC
2021-07-16 19:28:02,098 INFO o.s.b.a.ApplicationAvailabilityBean [Thread-61] Application availability state ReadinessState changed from ACCEPTING_TRAFFIC to REFUSING_TRAFFIC
2021-07-16 19:28:02,111 INFO o.s.o.j.AbstractEntityManagerFactoryBean [Thread-61] Closing JPA EntityManagerFactory for persistence unit 'default'
2021-07-16 19:28:02,111 INFO c.z.h.HikariDataSource [Thread-61] HikariPool-4 - Shutdown initiated...
2021-07-16 19:28:02,123 INFO c.z.h.HikariDataSource [Thread-61] HikariPool-4 - Shutdown completed.
2021-07-16 19:28:02,224 INFO o.s.b.StartupInfoLogger [restartedMain] Starting ProjectApplication using Java 11.0.11 on progerSapog with PID 14332 (/home/vladislove/Документы/SberITSchool-FinalProject/target/classes started by vladislove in /home/vladislove/Документы/SberITSchool-FinalProject)
2021-07-16 19:28:02,225 INFO o.s.b.SpringApplication [restartedMain] No active profile set, falling back to default profiles: default
2021-07-16 19:28:02,334 INFO o.s.d.r.c.RepositoryConfigurationDelegate [restartedMain] Bootstrapping Spring Data JPA repositories in DEFAULT mode.
2021-07-16 19:28:02,344 INFO o.s.d.r.c.RepositoryConfigurationDelegate [restartedMain] Finished Spring Data repository scanning in 9 ms. Found 5 JPA repository interfaces.
2021-07-16 19:28:02,425 INFO o.s.b.w.e.t.TomcatWebServer [restartedMain] Tomcat initialized with port(s): 8080 (http)
2021-07-16 19:28:02,425 INFO o.a.j.l.DirectJDKLog [restartedMain] Initializing ProtocolHandler ["http-nio-8080"]
2021-07-16 19:28:02,426 INFO o.a.j.l.DirectJDKLog [restartedMain] Starting service [Tomcat]
2021-07-16 19:28:02,426 INFO o.a.j.l.DirectJDKLog [restartedMain] Starting Servlet engine: [Apache Tomcat/9.0.46]
2021-07-16 19:28:02,486 INFO o.a.j.l.DirectJDKLog [restartedMain] At least one JAR was scanned for TLDs yet contained no TLDs. Enable debug logging for this logger for a complete list of JARs that were scanned but no TLDs were found in them. Skipping unneeded JARs during scanning can improve startup time and JSP compilation time.
2021-07-16 19:28:02,487 INFO o.a.j.l.DirectJDKLog [restartedMain] Initializing Spring embedded WebApplicationContext
2021-07-16 19:28:02,487 INFO o.s.b.w.s.c.ServletWebServerApplicationContext [restartedMain] Root WebApplicationContext: initialization completed in 261 ms
2021-07-16 19:28:02,517 INFO c.z.h.HikariDataSource [restartedMain] HikariPool-5 - Starting...
2021-07-16 19:28:02,567 INFO c.z.h.HikariDataSource [restartedMain] HikariPool-5 - Start completed.
2021-07-16 19:28:02,571 INFO o.h.j.i.u.LogHelper [restartedMain] HHH000204: Processing PersistenceUnitInfo [name: default]
2021-07-16 19:28:02,576 INFO o.h.d.Dialect [restartedMain] HHH000400: Using dialect: org.hibernate.dialect.Oracle12cDialect
2021-07-16 19:28:02,640 INFO o.h.e.t.j.p.i.JtaPlatformInitiator [restartedMain] HHH000490: Using JtaPlatform implementation: [org.hibernate.engine.transaction.jta.platform.internal.NoJtaPlatform]
2021-07-16 19:28:02,640 INFO o.s.o.j.AbstractEntityManagerFactoryBean [restartedMain] Initialized JPA EntityManagerFactory for persistence unit 'default'
2021-07-16 19:28:02,655 WARN o.s.b.a.o.j.JpaBaseConfiguration$JpaWebConfiguration [restartedMain] spring.jpa.open-in-view is enabled by default. Therefore, database queries may be performed during view rendering. Explicitly configure spring.jpa.open-in-view to disable this warning
2021-07-16 19:28:02,789 INFO o.s.s.w.DefaultSecurityFilterChain [restartedMain] Will secure any request with [org.springframework.security.web.context.request.async.WebAsyncManagerIntegrationFilter@62b24a85, org.springframework.security.web.context.SecurityContextPersistenceFilter@635dbe3e, org.springframework.security.web.header.HeaderWriterFilter@59bbde7c, org.springframework.security.web.authentication.logout.LogoutFilter@787c7372, org.springframework.security.web.authentication.UsernamePasswordAuthenticationFilter@4b325097, org.springframework.security.web.savedrequest.RequestCacheAwareFilter@24623e40, org.springframework.security.web.servletapi.SecurityContextHolderAwareRequestFilter@23ad5c8e, org.springframework.security.web.authentication.AnonymousAuthenticationFilter@7bd5092f, org.springframework.security.web.session.SessionManagementFilter@32ece953, org.springframework.security.web.access.ExceptionTranslationFilter@3c1f6cf1, org.springframework.security.web.access.intercept.FilterSecurityInterceptor@4d631dd4]
2021-07-16 19:28:02,837 INFO o.s.b.a.w.s.WelcomePageHandlerMapping [restartedMain] Adding welcome page template: index
2021-07-16 19:28:02,887 INFO o.s.b.d.a.OptionalLiveReloadServer [restartedMain] LiveReload server is running on port 35729
2021-07-16 19:28:02,898 INFO o.a.j.l.DirectJDKLog [restartedMain] Starting ProtocolHandler ["http-nio-8080"]
2021-07-16 19:28:02,900 INFO o.s.b.w.e.t.TomcatWebServer [restartedMain] Tomcat started on port(s): 8080 (http) with context path ''
2021-07-16 19:28:02,904 INFO o.s.b.StartupInfoLogger [restartedMain] Started ProjectApplication in 0.705 seconds (JVM running for 1310.057)
2021-07-16 19:28:02,904 INFO o.s.b.a.ApplicationAvailabilityBean [restartedMain] Application availability state LivenessState changed to CORRECT
2021-07-16 19:28:02,905 INFO o.s.b.d.a.ConditionEvaluationDeltaLoggingListener [restartedMain] Condition evaluation unchanged
2021-07-16 19:28:02,905 INFO o.s.b.a.ApplicationAvailabilityBean [restartedMain] Application availability state ReadinessState changed to ACCEPTING_TRAFFIC
2021-07-16 19:37:44,376 INFO o.s.b.a.ApplicationAvailabilityBean [Thread-67] Application availability state ReadinessState changed from ACCEPTING_TRAFFIC to REFUSING_TRAFFIC
2021-07-16 19:37:44,392 INFO o.s.o.j.AbstractEntityManagerFactoryBean [Thread-67] Closing JPA EntityManagerFactory for persistence unit 'default'
2021-07-16 19:37:44,392 INFO c.z.h.HikariDataSource [Thread-67] HikariPool-5 - Shutdown initiated...
2021-07-16 19:37:44,411 INFO c.z.h.HikariDataSource [Thread-67] HikariPool-5 - Shutdown completed.
2021-07-16 19:37:44,496 INFO o.s.b.StartupInfoLogger [restartedMain] Starting ProjectApplication using Java 11.0.11 on progerSapog with PID 14332 (/home/vladislove/Документы/SberITSchool-FinalProject/target/classes started by vladislove in /home/vladislove/Документы/SberITSchool-FinalProject)
2021-07-16 19:37:44,496 INFO o.s.b.SpringApplication [restartedMain] No active profile set, falling back to default profiles: default
2021-07-16 19:37:44,614 INFO o.s.d.r.c.RepositoryConfigurationDelegate [restartedMain] Bootstrapping Spring Data JPA repositories in DEFAULT mode.
2021-07-16 19:37:44,625 INFO o.s.d.r.c.RepositoryConfigurationDelegate [restartedMain] Finished Spring Data repository scanning in 10 ms. Found 5 JPA repository interfaces.
2021-07-16 19:37:44,712 INFO o.s.b.w.e.t.TomcatWebServer [restartedMain] Tomcat initialized with port(s): 8080 (http)
2021-07-16 19:37:44,713 INFO o.a.j.l.DirectJDKLog [restartedMain] Initializing ProtocolHandler ["http-nio-8080"]
2021-07-16 19:37:44,713 INFO o.a.j.l.DirectJDKLog [restartedMain] Starting service [Tomcat]
2021-07-16 19:37:44,713 INFO o.a.j.l.DirectJDKLog [restartedMain] Starting Servlet engine: [Apache Tomcat/9.0.46]
2021-07-16 19:37:44,761 INFO o.a.j.l.DirectJDKLog [restartedMain] At least one JAR was scanned for TLDs yet contained no TLDs. Enable debug logging for this logger for a complete list of JARs that were scanned but no TLDs were found in them. Skipping unneeded JARs during scanning can improve startup time and JSP compilation time.
2021-07-16 19:37:44,763 INFO o.a.j.l.DirectJDKLog [restartedMain] Initializing Spring embedded WebApplicationContext
2021-07-16 19:37:44,763 INFO o.s.b.w.s.c.ServletWebServerApplicationContext [restartedMain] Root WebApplicationContext: initialization completed in 265 ms
2021-07-16 19:37:44,804 INFO c.z.h.HikariDataSource [restartedMain] HikariPool-6 - Starting...
2021-07-16 19:37:44,858 INFO c.z.h.HikariDataSource [restartedMain] HikariPool-6 - Start completed.
2021-07-16 19:37:44,860 INFO o.h.j.i.u.LogHelper [restartedMain] HHH000204: Processing PersistenceUnitInfo [name: default]
2021-07-16 19:37:44,865 INFO o.h.d.Dialect [restartedMain] HHH000400: Using dialect: org.hibernate.dialect.Oracle12cDialect
2021-07-16 19:37:44,925 INFO o.h.e.t.j.p.i.JtaPlatformInitiator [restartedMain] HHH000490: Using JtaPlatform implementation: [org.hibernate.engine.transaction.jta.platform.internal.NoJtaPlatform]
2021-07-16 19:37:44,925 INFO o.s.o.j.AbstractEntityManagerFactoryBean [restartedMain] Initialized JPA EntityManagerFactory for persistence unit 'default'
2021-07-16 19:37:44,942 WARN o.s.b.a.o.j.JpaBaseConfiguration$JpaWebConfiguration [restartedMain] spring.jpa.open-in-view is enabled by default. Therefore, database queries may be performed during view rendering. Explicitly configure spring.jpa.open-in-view to disable this warning
2021-07-16 19:37:45,096 INFO o.s.s.w.DefaultSecurityFilterChain [restartedMain] Will secure any request with [org.springframework.security.web.context.request.async.WebAsyncManagerIntegrationFilter@4b4d7fe7, org.springframework.security.web.context.SecurityContextPersistenceFilter@4269e7e8, org.springframework.security.web.header.HeaderWriterFilter@7d855049, org.springframework.security.web.authentication.logout.LogoutFilter@316183d9, org.springframework.security.web.authentication.UsernamePasswordAuthenticationFilter@6e4676f2, org.springframework.security.web.savedrequest.RequestCacheAwareFilter@3cf0e358, org.springframework.security.web.servletapi.SecurityContextHolderAwareRequestFilter@6ba0fb97, org.springframework.security.web.authentication.AnonymousAuthenticationFilter@29b5a03c, org.springframework.security.web.session.SessionManagementFilter@32bcbe2c, org.springframework.security.web.access.ExceptionTranslationFilter@43f5b16, org.springframework.security.web.access.intercept.FilterSecurityInterceptor@12c561f0]
2021-07-16 19:37:45,149 INFO o.s.b.a.w.s.WelcomePageHandlerMapping [restartedMain] Adding welcome page template: index
2021-07-16 19:37:45,207 INFO o.s.b.d.a.OptionalLiveReloadServer [restartedMain] LiveReload server is running on port 35729
2021-07-16 19:37:45,217 INFO o.a.j.l.DirectJDKLog [restartedMain] Starting ProtocolHandler ["http-nio-8080"]
2021-07-16 19:37:45,219 INFO o.s.b.w.e.t.TomcatWebServer [restartedMain] Tomcat started on port(s): 8080 (http) with context path ''
2021-07-16 19:37:45,222 INFO o.s.b.StartupInfoLogger [restartedMain] Started ProjectApplication in 0.75 seconds (JVM running for 1892.375)
2021-07-16 19:37:45,223 INFO o.s.b.a.ApplicationAvailabilityBean [restartedMain] Application availability state LivenessState changed to CORRECT
2021-07-16 19:37:45,224 INFO o.s.b.d.a.ConditionEvaluationDeltaLoggingListener [restartedMain] Condition evaluation unchanged
2021-07-16 19:37:45,224 INFO o.s.b.a.ApplicationAvailabilityBean [restartedMain] Application availability state ReadinessState changed to ACCEPTING_TRAFFIC
2021-07-16 19:37:45,774 INFO o.a.j.l.DirectJDKLog [http-nio-8080-exec-1] Initializing Spring DispatcherServlet 'dispatcherServlet'
2021-07-16 19:37:45,774 INFO o.s.w.s.FrameworkServlet [http-nio-8080-exec-1] Initializing Servlet 'dispatcherServlet'
2021-07-16 19:37:45,775 INFO o.s.w.s.FrameworkServlet [http-nio-8080-exec-1] Completed initialization in 1 ms
2021-07-16 19:37:49,023 INFO c.v.a.p.a.DepartmentServiceLoggingAspect [http-nio-8080-exec-6] Получение всех записей таблицы Department
2021-07-16 19:37:49,030 INFO c.v.a.p.a.AcademicDegreeServiceLoggingAspect [http-nio-8080-exec-6] Получение всех записей таблицы ACADEMIC_DEGREE
2021-07-16 19:38:03,141 INFO c.v.a.p.a.DepartmentServiceLoggingAspect [http-nio-8080-exec-8] Получение всех записей таблицы Department
2021-07-16 19:38:03,143 INFO c.v.a.p.a.AcademicDegreeServiceLoggingAspect [http-nio-8080-exec-8] Получение всех записей таблицы ACADEMIC_DEGREE
2021-07-16 19:38:03,254 INFO c.v.a.p.a.UserServiceLoggingAspect [http-nio-8080-exec-8] Добавление пользователяpetr@gmail.com в таблицу USERS
2021-07-16 19:38:09,954 INFO c.v.a.p.a.UserServiceLoggingAspect [http-nio-8080-exec-3] Успешная аутентификации пользователя: petr@gmail.com
2021-07-16 19:38:30,138 INFO o.s.b.a.ApplicationAvailabilityBean [Thread-73] Application availability state ReadinessState changed from ACCEPTING_TRAFFIC to REFUSING_TRAFFIC
2021-07-16 19:38:30,151 INFO o.s.o.j.AbstractEntityManagerFactoryBean [Thread-73] Closing JPA EntityManagerFactory for persistence unit 'default'
2021-07-16 19:38:30,151 INFO c.z.h.HikariDataSource [Thread-73] HikariPool-6 - Shutdown initiated...
2021-07-16 19:38:30,164 INFO c.z.h.HikariDataSource [Thread-73] HikariPool-6 - Shutdown completed.
2021-07-16 19:38:30,314 INFO o.s.b.StartupInfoLogger [restartedMain] Starting ProjectApplication using Java 11.0.11 on progerSapog with PID 14332 (/home/vladislove/Документы/SberITSchool-FinalProject/target/classes started by vladislove in /home/vladislove/Документы/SberITSchool-FinalProject)
2021-07-16 19:38:30,315 INFO o.s.b.SpringApplication [restartedMain] No active profile set, falling back to default profiles: default
2021-07-16 19:38:30,465 INFO o.s.d.r.c.RepositoryConfigurationDelegate [restartedMain] Bootstrapping Spring Data JPA repositories in DEFAULT mode.
2021-07-16 19:38:30,478 INFO o.s.d.r.c.RepositoryConfigurationDelegate [restartedMain] Finished Spring Data repository scanning in 12 ms. Found 5 JPA repository interfaces.
2021-07-16 19:38:30,568 INFO o.s.b.w.e.t.TomcatWebServer [restartedMain] Tomcat initialized with port(s): 8080 (http)
2021-07-16 19:38:30,569 INFO o.a.j.l.DirectJDKLog [restartedMain] Initializing ProtocolHandler ["http-nio-8080"]
2021-07-16 19:38:30,570 INFO o.a.j.l.DirectJDKLog [restartedMain] Starting service [Tomcat]
2021-07-16 19:38:30,570 INFO o.a.j.l.DirectJDKLog [restartedMain] Starting Servlet engine: [Apache Tomcat/9.0.46]
2021-07-16 19:38:30,615 INFO o.a.j.l.DirectJDKLog [restartedMain] At least one JAR was scanned for TLDs yet contained no TLDs. Enable debug logging for this logger for a complete list of JARs that were scanned but no TLDs were found in them. Skipping unneeded JARs during scanning can improve startup time and JSP compilation time.
2021-07-16 19:38:30,616 INFO o.a.j.l.DirectJDKLog [restartedMain] Initializing Spring embedded WebApplicationContext
2021-07-16 19:38:30,616 INFO o.s.b.w.s.c.ServletWebServerApplicationContext [restartedMain] Root WebApplicationContext: initialization completed in 299 ms
2021-07-16 19:38:30,651 INFO c.z.h.HikariDataSource [restartedMain] HikariPool-7 - Starting...
2021-07-16 19:38:30,697 INFO c.z.h.HikariDataSource [restartedMain] HikariPool-7 - Start completed.
2021-07-16 19:38:30,700 INFO o.h.j.i.u.LogHelper [restartedMain] HHH000204: Processing PersistenceUnitInfo [name: default]
2021-07-16 19:38:30,704 INFO o.h.d.Dialect [restartedMain] HHH000400: Using dialect: org.hibernate.dialect.Oracle12cDialect
2021-07-16 19:38:30,760 INFO o.h.e.t.j.p.i.JtaPlatformInitiator [restartedMain] HHH000490: Using JtaPlatform implementation: [org.hibernate.engine.transaction.jta.platform.internal.NoJtaPlatform]
2021-07-16 19:38:30,760 INFO o.s.o.j.AbstractEntityManagerFactoryBean [restartedMain] Initialized JPA EntityManagerFactory for persistence unit 'default'
2021-07-16 19:38:30,778 WARN o.s.b.a.o.j.JpaBaseConfiguration$JpaWebConfiguration [restartedMain] spring.jpa.open-in-view is enabled by default. Therefore, database queries may be performed during view rendering. Explicitly configure spring.jpa.open-in-view to disable this warning
2021-07-16 19:38:30,920 INFO o.s.s.w.DefaultSecurityFilterChain [restartedMain] Will secure any request with [org.springframework.security.web.context.request.async.WebAsyncManagerIntegrationFilter@365b3c1d, org.springframework.security.web.context.SecurityContextPersistenceFilter@311cd35b, org.springframework.security.web.header.HeaderWriterFilter@369bc64b, org.springframework.security.web.authentication.logout.LogoutFilter@4152caa6, org.springframework.security.web.authentication.UsernamePasswordAuthenticationFilter@4ea5ed4f, org.springframework.security.web.savedrequest.RequestCacheAwareFilter@770c28bc, org.springframework.security.web.servletapi.SecurityContextHolderAwareRequestFilter@1fcd0188, org.springframework.security.web.authentication.AnonymousAuthenticationFilter@37a38d75, org.springframework.security.web.session.SessionManagementFilter@481a8c7, org.springframework.security.web.access.ExceptionTranslationFilter@2c4d437f, org.springframework.security.web.access.intercept.FilterSecurityInterceptor@599e8524]
2021-07-16 19:38:30,965 INFO o.s.b.a.w.s.WelcomePageHandlerMapping [restartedMain] Adding welcome page template: index
2021-07-16 19:38:31,016 INFO o.s.b.d.a.OptionalLiveReloadServer [restartedMain] LiveReload server is running on port 35729
2021-07-16 19:38:31,026 INFO o.a.j.l.DirectJDKLog [restartedMain] Starting ProtocolHandler ["http-nio-8080"]
2021-07-16 19:38:31,029 INFO o.s.b.w.e.t.TomcatWebServer [restartedMain] Tomcat started on port(s): 8080 (http) with context path ''
2021-07-16 19:38:31,033 INFO o.s.b.StartupInfoLogger [restartedMain] Started ProjectApplication in 0.76 seconds (JVM running for 1938.186)
2021-07-16 19:38:31,033 INFO o.s.b.a.ApplicationAvailabilityBean [restartedMain] Application availability state LivenessState changed to CORRECT
2021-07-16 19:38:31,034 INFO o.s.b.d.a.ConditionEvaluationDeltaLoggingListener [restartedMain] Condition evaluation unchanged
2021-07-16 19:38:31,035 INFO o.s.b.a.ApplicationAvailabilityBean [restartedMain] Application availability state ReadinessState changed to ACCEPTING_TRAFFIC
2021-07-16 19:38:31,229 INFO o.a.j.l.DirectJDKLog [http-nio-8080-exec-1] Initializing Spring DispatcherServlet 'dispatcherServlet'
2021-07-16 19:38:31,229 INFO o.s.w.s.FrameworkServlet [http-nio-8080-exec-1] Initializing Servlet 'dispatcherServlet'
2021-07-16 19:38:31,230 INFO o.s.w.s.FrameworkServlet [http-nio-8080-exec-1] Completed initialization in 1 ms
2021-07-16 19:38:35,467 INFO c.v.a.p.a.UserServiceLoggingAspect [http-nio-8080-exec-7] Успешная аутентификации пользователя: admin@gmail.com
2021-07-16 19:38:37,906 INFO c.v.a.p.a.UserServiceLoggingAspect [http-nio-8080-exec-10] Получение всех записей таблицы USERS
2021-07-16 19:38:40,348 INFO c.v.a.p.a.UserServiceLoggingAspect [http-nio-8080-exec-2] Удаление из таблицы USERS пользователя № 24
2021-07-16 19:38:40,358 INFO c.v.a.p.a.UserServiceLoggingAspect [http-nio-8080-exec-3] Получение всех записей таблицы USERS
2021-07-16 19:39:36,296 INFO o.s.b.a.ApplicationAvailabilityBean [SpringContextShutdownHook] Application availability state ReadinessState changed from ACCEPTING_TRAFFIC to REFUSING_TRAFFIC
