2021-07-17 13:32:30,207 INFO o.h.v.i.u.Version [background-preinit] HV000001: Hibernate Validator 6.2.0.Final
2021-07-17 13:32:30,231 INFO o.s.b.StartupInfoLogger [main] Starting ApplicationsControllerTest using Java 11.0.11 on progerSapog with PID 19784 (started by vladislove in /home/vladislove/Документы/SberITSchool-FinalProject)
2021-07-17 13:32:30,238 INFO o.s.b.SpringApplication [main] No active profile set, falling back to default profiles: default
2021-07-17 13:32:30,728 WARN o.s.c.l.CompositeLog [background-preinit] For Jackson Kotlin classes support please add "com.fasterxml.jackson.module:jackson-module-kotlin" to the classpath
2021-07-17 13:32:31,169 INFO o.s.d.r.c.RepositoryConfigurationDelegate [main] Bootstrapping Spring Data JPA repositories in DEFAULT mode.
2021-07-17 13:32:31,243 INFO o.s.d.r.c.RepositoryConfigurationDelegate [main] Finished Spring Data repository scanning in 64 ms. Found 5 JPA repository interfaces.
2021-07-17 13:32:32,092 INFO c.z.h.HikariDataSource [main] HikariPool-1 - Starting...
2021-07-17 13:32:32,395 INFO c.z.h.HikariDataSource [main] HikariPool-1 - Start completed.
2021-07-17 13:32:32,470 INFO o.h.j.i.u.LogHelper [main] HHH000204: Processing PersistenceUnitInfo [name: default]
2021-07-17 13:32:32,537 INFO o.h.Version [main] HHH000412: Hibernate ORM core version 5.4.31.Final
2021-07-17 13:32:32,693 INFO o.h.a.c.r.j.JavaReflectionManager [main] HCANN000001: Hibernate Commons Annotations {5.1.2.Final}
2021-07-17 13:32:32,802 INFO o.h.d.Dialect [main] HHH000400: Using dialect: org.hibernate.dialect.Oracle12cDialect
2021-07-17 13:32:33,568 INFO o.h.e.t.j.p.i.JtaPlatformInitiator [main] HHH000490: Using JtaPlatform implementation: [org.hibernate.engine.transaction.jta.platform.internal.NoJtaPlatform]
2021-07-17 13:32:33,575 INFO o.s.o.j.AbstractEntityManagerFactoryBean [main] Initialized JPA EntityManagerFactory for persistence unit 'default'
2021-07-17 13:32:33,658 WARN o.s.b.a.o.j.JpaBaseConfiguration$JpaWebConfiguration [main] spring.jpa.open-in-view is enabled by default. Therefore, database queries may be performed during view rendering. Explicitly configure spring.jpa.open-in-view to disable this warning
2021-07-17 13:32:34,502 INFO o.s.s.w.DefaultSecurityFilterChain [main] Will secure any request with [org.springframework.security.web.context.request.async.WebAsyncManagerIntegrationFilter@753c7411, org.springframework.security.web.context.SecurityContextPersistenceFilter@76876421, org.springframework.security.web.header.HeaderWriterFilter@669e730d, org.springframework.security.web.authentication.logout.LogoutFilter@30259c61, org.springframework.security.web.authentication.UsernamePasswordAuthenticationFilter@69346100, org.springframework.security.web.savedrequest.RequestCacheAwareFilter@363e2009, org.springframework.security.web.servletapi.SecurityContextHolderAwareRequestFilter@5aec151b, org.springframework.security.web.authentication.AnonymousAuthenticationFilter@3ba015b1, org.springframework.security.web.session.SessionManagementFilter@141c66db, org.springframework.security.web.access.ExceptionTranslationFilter@5980e29f, org.springframework.security.web.access.intercept.FilterSecurityInterceptor@6fc1a1d5]
2021-07-17 13:32:35,015 INFO o.s.b.a.w.s.WelcomePageHandlerMapping [main] Adding welcome page template: index
2021-07-17 13:32:35,309 INFO o.s.m.w.MockServletContext [main] Initializing Spring TestDispatcherServlet ''
2021-07-17 13:32:35,309 INFO o.s.w.s.FrameworkServlet [main] Initializing Servlet ''
2021-07-17 13:32:35,310 INFO o.s.w.s.FrameworkServlet [main] Completed initialization in 1 ms
2021-07-17 13:32:35,330 INFO o.s.b.StartupInfoLogger [main] Started ApplicationsControllerTest in 5.515 seconds (JVM running for 6.979)
2021-07-17 13:32:35,331 INFO o.s.b.a.ApplicationAvailabilityBean [main] Application availability state LivenessState changed to CORRECT
2021-07-17 13:32:35,333 INFO o.s.b.a.ApplicationAvailabilityBean [main] Application availability state ReadinessState changed to ACCEPTING_TRAFFIC
2021-07-17 13:32:35,529 INFO c.v.a.p.a.UserServiceLoggingAspect [main] Успешная аутентификации пользователя: petr1@gmail.com
