2021-07-18 13:01:01,686 INFO o.h.v.i.u.Version [background-preinit] HV000001: Hibernate Validator 6.2.0.Final
2021-07-18 13:01:01,781 INFO o.s.b.StartupInfoLogger [main] Starting DepartmentControllerTest using Java 11.0.11 on progersapog with PID 23828 (started by progersapog in /home/progersapog/Документы/SberITSchool-FinalProject)
2021-07-18 13:01:01,805 INFO o.s.b.SpringApplication [main] No active profile set, falling back to default profiles: default
2021-07-18 13:01:02,948 WARN o.s.c.l.CompositeLog [background-preinit] For Jackson Kotlin classes support please add "com.fasterxml.jackson.module:jackson-module-kotlin" to the classpath
2021-07-18 13:01:03,929 INFO o.s.d.r.c.RepositoryConfigurationDelegate [main] Bootstrapping Spring Data JPA repositories in DEFAULT mode.
2021-07-18 13:01:04,114 INFO o.s.d.r.c.RepositoryConfigurationDelegate [main] Finished Spring Data repository scanning in 162 ms. Found 5 JPA repository interfaces.
2021-07-18 13:01:05,967 INFO c.z.h.HikariDataSource [main] HikariPool-1 - Starting...
2021-07-18 13:01:06,981 INFO c.z.h.HikariDataSource [main] HikariPool-1 - Start completed.
2021-07-18 13:01:07,244 INFO o.h.j.i.u.LogHelper [main] HHH000204: Processing PersistenceUnitInfo [name: default]
2021-07-18 13:01:07,524 INFO o.h.Version [main] HHH000412: Hibernate ORM core version 5.4.31.Final
2021-07-18 13:01:08,133 INFO o.h.a.c.r.j.JavaReflectionManager [main] HCANN000001: Hibernate Commons Annotations {5.1.2.Final}
2021-07-18 13:01:08,606 INFO o.h.d.Dialect [main] HHH000400: Using dialect: org.hibernate.dialect.Oracle12cDialect
2021-07-18 13:01:10,818 INFO o.h.e.t.j.p.i.JtaPlatformInitiator [main] HHH000490: Using JtaPlatform implementation: [org.hibernate.engine.transaction.jta.platform.internal.NoJtaPlatform]
2021-07-18 13:01:10,836 INFO o.s.o.j.AbstractEntityManagerFactoryBean [main] Initialized JPA EntityManagerFactory for persistence unit 'default'
2021-07-18 13:01:11,106 WARN o.s.b.a.o.j.JpaBaseConfiguration$JpaWebConfiguration [main] spring.jpa.open-in-view is enabled by default. Therefore, database queries may be performed during view rendering. Explicitly configure spring.jpa.open-in-view to disable this warning
2021-07-18 13:01:12,934 INFO o.s.s.w.DefaultSecurityFilterChain [main] Will secure any request with [org.springframework.security.web.context.request.async.WebAsyncManagerIntegrationFilter@34e7cde3, org.springframework.security.web.context.SecurityContextPersistenceFilter@7e577eed, org.springframework.security.web.header.HeaderWriterFilter@5aec151b, org.springframework.security.web.authentication.logout.LogoutFilter@5af7e2f, org.springframework.security.web.authentication.UsernamePasswordAuthenticationFilter@753c7411, org.springframework.security.web.savedrequest.RequestCacheAwareFilter@1e9b0c92, org.springframework.security.web.servletapi.SecurityContextHolderAwareRequestFilter@26361572, org.springframework.security.web.authentication.AnonymousAuthenticationFilter@2821da0a, org.springframework.security.web.session.SessionManagementFilter@3052395d, org.springframework.security.web.access.ExceptionTranslationFilter@141c66db, org.springframework.security.web.access.intercept.FilterSecurityInterceptor@202b5293]
2021-07-18 13:01:13,969 INFO o.s.b.a.w.s.WelcomePageHandlerMapping [main] Adding welcome page template: index
2021-07-18 13:01:14,742 INFO o.s.m.w.MockServletContext [main] Initializing Spring TestDispatcherServlet ''
2021-07-18 13:01:14,743 INFO o.s.w.s.FrameworkServlet [main] Initializing Servlet ''
2021-07-18 13:01:14,745 INFO o.s.w.s.FrameworkServlet [main] Completed initialization in 2 ms
2021-07-18 13:01:14,804 INFO o.s.b.StartupInfoLogger [main] Started DepartmentControllerTest in 14.352 seconds (JVM running for 21.88)
2021-07-18 13:01:14,808 INFO o.s.b.a.ApplicationAvailabilityBean [main] Application availability state LivenessState changed to CORRECT
2021-07-18 13:01:14,812 INFO o.s.b.a.ApplicationAvailabilityBean [main] Application availability state ReadinessState changed to ACCEPTING_TRAFFIC
2021-07-18 13:01:17,030 INFO c.v.a.p.a.UserServiceLoggingAspect [main] Успешная аутентификации пользователя: Petr@gmail.com
