2021-07-17 13:18:11,829 INFO o.h.v.i.u.Version [background-preinit] HV000001: Hibernate Validator 6.2.0.Final
2021-07-17 13:18:11,855 INFO o.s.b.StartupInfoLogger [main] Starting LoginTest using Java 11.0.11 on progerSapog with PID 16338 (started by vladislove in /home/vladislove/Документы/SberITSchool-FinalProject)
2021-07-17 13:18:11,864 INFO o.s.b.SpringApplication [main] No active profile set, falling back to default profiles: default
2021-07-17 13:18:12,461 WARN o.s.c.l.CompositeLog [background-preinit] For Jackson Kotlin classes support please add "com.fasterxml.jackson.module:jackson-module-kotlin" to the classpath
2021-07-17 13:18:12,871 INFO o.s.d.r.c.RepositoryConfigurationDelegate [main] Bootstrapping Spring Data JPA repositories in DEFAULT mode.
2021-07-17 13:18:12,937 INFO o.s.d.r.c.RepositoryConfigurationDelegate [main] Finished Spring Data repository scanning in 56 ms. Found 5 JPA repository interfaces.
2021-07-17 13:18:13,723 INFO c.z.h.HikariDataSource [main] HikariPool-1 - Starting...
2021-07-17 13:18:14,186 INFO c.z.h.HikariDataSource [main] HikariPool-1 - Start completed.
2021-07-17 13:18:14,273 INFO o.h.j.i.u.LogHelper [main] HHH000204: Processing PersistenceUnitInfo [name: default]
2021-07-17 13:18:14,352 INFO o.h.Version [main] HHH000412: Hibernate ORM core version 5.4.31.Final
2021-07-17 13:18:14,472 INFO o.h.a.c.r.j.JavaReflectionManager [main] HCANN000001: Hibernate Commons Annotations {5.1.2.Final}
2021-07-17 13:18:14,709 INFO o.h.d.Dialect [main] HHH000400: Using dialect: org.hibernate.dialect.Oracle12cDialect
2021-07-17 13:18:15,437 INFO o.h.e.t.j.p.i.JtaPlatformInitiator [main] HHH000490: Using JtaPlatform implementation: [org.hibernate.engine.transaction.jta.platform.internal.NoJtaPlatform]
2021-07-17 13:18:15,444 INFO o.s.o.j.AbstractEntityManagerFactoryBean [main] Initialized JPA EntityManagerFactory for persistence unit 'default'
2021-07-17 13:18:15,530 WARN o.s.b.a.o.j.JpaBaseConfiguration$JpaWebConfiguration [main] spring.jpa.open-in-view is enabled by default. Therefore, database queries may be performed during view rendering. Explicitly configure spring.jpa.open-in-view to disable this warning
2021-07-17 13:18:16,225 INFO o.s.s.w.DefaultSecurityFilterChain [main] Will secure any request with [org.springframework.security.web.context.request.async.WebAsyncManagerIntegrationFilter@37823482, org.springframework.security.web.context.SecurityContextPersistenceFilter@5ff8d76f, org.springframework.security.web.header.HeaderWriterFilter@5b5f61cc, org.springframework.security.web.authentication.logout.LogoutFilter@3615f8d9, org.springframework.security.web.authentication.UsernamePasswordAuthenticationFilter@4402ed61, org.springframework.security.web.savedrequest.RequestCacheAwareFilter@40da1644, org.springframework.security.web.servletapi.SecurityContextHolderAwareRequestFilter@106ac5f4, org.springframework.security.web.authentication.AnonymousAuthenticationFilter@202b5293, org.springframework.security.web.session.SessionManagementFilter@2468c0e4, org.springframework.security.web.access.ExceptionTranslationFilter@31885b4b, org.springframework.security.web.access.intercept.FilterSecurityInterceptor@42d96745]
2021-07-17 13:18:16,621 INFO o.s.b.a.w.s.WelcomePageHandlerMapping [main] Adding welcome page template: index
2021-07-17 13:18:16,884 INFO o.s.m.w.MockServletContext [main] Initializing Spring TestDispatcherServlet ''
2021-07-17 13:18:16,884 INFO o.s.w.s.FrameworkServlet [main] Initializing Servlet ''
2021-07-17 13:18:16,886 INFO o.s.w.s.FrameworkServlet [main] Completed initialization in 2 ms
2021-07-17 13:18:16,904 INFO o.s.b.StartupInfoLogger [main] Started LoginTest in 5.737 seconds (JVM running for 7.139)
2021-07-17 13:18:16,905 INFO o.s.b.a.ApplicationAvailabilityBean [main] Application availability state LivenessState changed to CORRECT
2021-07-17 13:18:16,908 INFO o.s.b.a.ApplicationAvailabilityBean [main] Application availability state ReadinessState changed to ACCEPTING_TRAFFIC
2021-07-17 13:18:17,293 INFO c.v.a.p.a.UserServiceLoggingAspect [main] Успешная аутентификации пользователя: admin@gmail.com
