2021-07-17 13:19:00,199 INFO o.h.v.i.u.Version [background-preinit] HV000001: Hibernate Validator 6.2.0.Final
2021-07-17 13:19:00,226 INFO o.s.b.StartupInfoLogger [main] Starting LoginTest using Java 11.0.11 on progerSapog with PID 16565 (started by vladislove in /home/vladislove/Документы/SberITSchool-FinalProject)
2021-07-17 13:19:00,235 INFO o.s.b.SpringApplication [main] No active profile set, falling back to default profiles: default
2021-07-17 13:19:00,687 WARN o.s.c.l.CompositeLog [background-preinit] For Jackson Kotlin classes support please add "com.fasterxml.jackson.module:jackson-module-kotlin" to the classpath
2021-07-17 13:19:01,030 INFO o.s.d.r.c.RepositoryConfigurationDelegate [main] Bootstrapping Spring Data JPA repositories in DEFAULT mode.
2021-07-17 13:19:01,109 INFO o.s.d.r.c.RepositoryConfigurationDelegate [main] Finished Spring Data repository scanning in 70 ms. Found 5 JPA repository interfaces.
2021-07-17 13:19:01,839 INFO c.z.h.HikariDataSource [main] HikariPool-1 - Starting...
2021-07-17 13:19:02,130 INFO c.z.h.HikariDataSource [main] HikariPool-1 - Start completed.
2021-07-17 13:19:02,183 INFO o.h.j.i.u.LogHelper [main] HHH000204: Processing PersistenceUnitInfo [name: default]
2021-07-17 13:19:02,234 INFO o.h.Version [main] HHH000412: Hibernate ORM core version 5.4.31.Final
2021-07-17 13:19:02,351 INFO o.h.a.c.r.j.JavaReflectionManager [main] HCANN000001: Hibernate Commons Annotations {5.1.2.Final}
2021-07-17 13:19:02,483 INFO o.h.d.Dialect [main] HHH000400: Using dialect: org.hibernate.dialect.Oracle12cDialect
2021-07-17 13:19:03,367 INFO o.h.e.t.j.p.i.JtaPlatformInitiator [main] HHH000490: Using JtaPlatform implementation: [org.hibernate.engine.transaction.jta.platform.internal.NoJtaPlatform]
2021-07-17 13:19:03,374 INFO o.s.o.j.AbstractEntityManagerFactoryBean [main] Initialized JPA EntityManagerFactory for persistence unit 'default'
2021-07-17 13:19:03,446 WARN o.s.b.a.o.j.JpaBaseConfiguration$JpaWebConfiguration [main] spring.jpa.open-in-view is enabled by default. Therefore, database queries may be performed during view rendering. Explicitly configure spring.jpa.open-in-view to disable this warning
2021-07-17 13:19:04,184 INFO o.s.s.w.DefaultSecurityFilterChain [main] Will secure any request with [org.springframework.security.web.context.request.async.WebAsyncManagerIntegrationFilter@4cd079fe, org.springframework.security.web.context.SecurityContextPersistenceFilter@3df54fd5, org.springframework.security.web.header.HeaderWriterFilter@4bba2704, org.springframework.security.web.authentication.logout.LogoutFilter@7b55fc83, org.springframework.security.web.authentication.UsernamePasswordAuthenticationFilter@1e7797db, org.springframework.security.web.savedrequest.RequestCacheAwareFilter@5746609e, org.springframework.security.web.servletapi.SecurityContextHolderAwareRequestFilter@54816d7a, org.springframework.security.web.authentication.AnonymousAuthenticationFilter@37823482, org.springframework.security.web.session.SessionManagementFilter@3ef04239, org.springframework.security.web.access.ExceptionTranslationFilter@3fc2e100, org.springframework.security.web.access.intercept.FilterSecurityInterceptor@2bd158ea]
2021-07-17 13:19:04,662 INFO o.s.b.a.w.s.WelcomePageHandlerMapping [main] Adding welcome page template: index
2021-07-17 13:19:04,958 INFO o.s.m.w.MockServletContext [main] Initializing Spring TestDispatcherServlet ''
2021-07-17 13:19:04,958 INFO o.s.w.s.FrameworkServlet [main] Initializing Servlet ''
2021-07-17 13:19:04,959 INFO o.s.w.s.FrameworkServlet [main] Completed initialization in 1 ms
2021-07-17 13:19:04,984 INFO o.s.b.StartupInfoLogger [main] Started LoginTest in 5.135 seconds (JVM running for 6.402)
2021-07-17 13:19:04,986 INFO o.s.b.a.ApplicationAvailabilityBean [main] Application availability state LivenessState changed to CORRECT
2021-07-17 13:19:04,988 INFO o.s.b.a.ApplicationAvailabilityBean [main] Application availability state ReadinessState changed to ACCEPTING_TRAFFIC
2021-07-17 13:19:05,381 INFO c.v.a.p.a.UserServiceLoggingAspect [main] Успешная аутентификации пользователя: admin@gmail.com
