2021-07-16 18:27:01,866 INFO o.h.v.i.u.Version [background-preinit] HV000001: Hibernate Validator 6.2.0.Final
2021-07-16 18:27:01,901 INFO o.s.b.StartupInfoLogger [restartedMain] Starting ProjectApplication using Java 11.0.11 on progerSapog with PID 11201 (/home/vladislove/Документы/SberITSchool-FinalProject/target/classes started by vladislove in /home/vladislove/Документы/SberITSchool-FinalProject)
2021-07-16 18:27:01,905 INFO o.s.b.SpringApplication [restartedMain] No active profile set, falling back to default profiles: default
2021-07-16 18:27:01,938 INFO o.s.b.l.DeferredLog [restartedMain] The Class-Path manifest attribute in /home/vladislove/.m2/repository/com/oracle/database/jdbc/ojdbc8/21.1.0.0/ojdbc8-21.1.0.0.jar referenced one or more files that do not exist: file:/home/vladislove/.m2/repository/com/oracle/database/jdbc/ojdbc8/21.1.0.0/oraclepki.jar
2021-07-16 18:27:01,939 INFO o.s.b.l.DeferredLog [restartedMain] Devtools property defaults active! Set 'spring.devtools.add-properties' to 'false' to disable
2021-07-16 18:27:01,939 INFO o.s.b.l.DeferredLog [restartedMain] For additional web related logging consider setting the 'logging.level.web' property to 'DEBUG'
2021-07-16 18:27:02,060 WARN o.s.c.l.CompositeLog [background-preinit] For Jackson Kotlin classes support please add "com.fasterxml.jackson.module:jackson-module-kotlin" to the classpath
2021-07-16 18:27:02,453 INFO o.s.d.r.c.RepositoryConfigurationDelegate [restartedMain] Bootstrapping Spring Data JPA repositories in DEFAULT mode.
2021-07-16 18:27:02,507 INFO o.s.d.r.c.RepositoryConfigurationDelegate [restartedMain] Finished Spring Data repository scanning in 48 ms. Found 5 JPA repository interfaces.
2021-07-16 18:27:03,030 INFO o.s.b.w.e.t.TomcatWebServer [restartedMain] Tomcat initialized with port(s): 8080 (http)
2021-07-16 18:27:03,039 INFO o.a.j.l.DirectJDKLog [restartedMain] Initializing ProtocolHandler ["http-nio-8080"]
2021-07-16 18:27:03,039 INFO o.a.j.l.DirectJDKLog [restartedMain] Starting service [Tomcat]
2021-07-16 18:27:03,040 INFO o.a.j.l.DirectJDKLog [restartedMain] Starting Servlet engine: [Apache Tomcat/9.0.46]
2021-07-16 18:27:03,239 INFO o.a.j.l.DirectJDKLog [restartedMain] At least one JAR was scanned for TLDs yet contained no TLDs. Enable debug logging for this logger for a complete list of JARs that were scanned but no TLDs were found in them. Skipping unneeded JARs during scanning can improve startup time and JSP compilation time.
2021-07-16 18:27:03,245 INFO o.a.j.l.DirectJDKLog [restartedMain] Initializing Spring embedded WebApplicationContext
2021-07-16 18:27:03,245 INFO o.s.b.w.s.c.ServletWebServerApplicationContext [restartedMain] Root WebApplicationContext: initialization completed in 1305 ms
2021-07-16 18:27:03,335 INFO c.z.h.HikariDataSource [restartedMain] HikariPool-1 - Starting...
2021-07-16 18:27:03,916 INFO c.z.h.HikariDataSource [restartedMain] HikariPool-1 - Start completed.
2021-07-16 18:27:03,944 INFO o.h.j.i.u.LogHelper [restartedMain] HHH000204: Processing PersistenceUnitInfo [name: default]
2021-07-16 18:27:03,966 INFO o.h.Version [restartedMain] HHH000412: Hibernate ORM core version 5.4.31.Final
2021-07-16 18:27:04,017 INFO o.h.a.c.r.j.JavaReflectionManager [restartedMain] HCANN000001: Hibernate Commons Annotations {5.1.2.Final}
2021-07-16 18:27:04,193 INFO o.h.d.Dialect [restartedMain] HHH000400: Using dialect: org.hibernate.dialect.Oracle12cDialect
2021-07-16 18:27:05,825 INFO o.h.e.t.j.p.i.JtaPlatformInitiator [restartedMain] HHH000490: Using JtaPlatform implementation: [org.hibernate.engine.transaction.jta.platform.internal.NoJtaPlatform]
2021-07-16 18:27:05,834 INFO o.s.o.j.AbstractEntityManagerFactoryBean [restartedMain] Initialized JPA EntityManagerFactory for persistence unit 'default'
2021-07-16 18:27:05,915 WARN o.s.b.a.o.j.JpaBaseConfiguration$JpaWebConfiguration [restartedMain] spring.jpa.open-in-view is enabled by default. Therefore, database queries may be performed during view rendering. Explicitly configure spring.jpa.open-in-view to disable this warning
2021-07-16 18:27:06,587 INFO o.s.s.w.DefaultSecurityFilterChain [restartedMain] Will secure any request with [org.springframework.security.web.context.request.async.WebAsyncManagerIntegrationFilter@77348d9e, org.springframework.security.web.context.SecurityContextPersistenceFilter@5bf48bdf, org.springframework.security.web.header.HeaderWriterFilter@4947ded0, org.springframework.security.web.authentication.logout.LogoutFilter@4fb1c167, org.springframework.security.web.authentication.UsernamePasswordAuthenticationFilter@53b8a93c, org.springframework.security.web.savedrequest.RequestCacheAwareFilter@2abc940d, org.springframework.security.web.servletapi.SecurityContextHolderAwareRequestFilter@59a54047, org.springframework.security.web.authentication.AnonymousAuthenticationFilter@37f69a3a, org.springframework.security.web.session.SessionManagementFilter@185751d2, org.springframework.security.web.access.ExceptionTranslationFilter@7f1cbb62, org.springframework.security.web.access.intercept.FilterSecurityInterceptor@44cd991c]
2021-07-16 18:27:06,818 INFO o.s.b.a.w.s.WelcomePageHandlerMapping [restartedMain] Adding welcome page template: index
2021-07-16 18:27:07,049 INFO o.s.b.d.a.OptionalLiveReloadServer [restartedMain] LiveReload server is running on port 35729
2021-07-16 18:27:07,064 INFO o.a.j.l.DirectJDKLog [restartedMain] Starting ProtocolHandler ["http-nio-8080"]
2021-07-16 18:27:07,110 INFO o.s.b.w.e.t.TomcatWebServer [restartedMain] Tomcat started on port(s): 8080 (http) with context path ''
2021-07-16 18:27:07,119 INFO o.s.b.StartupInfoLogger [restartedMain] Started ProjectApplication in 5.628 seconds (JVM running for 6.547)
2021-07-16 18:27:07,121 INFO o.s.b.a.ApplicationAvailabilityBean [restartedMain] Application availability state LivenessState changed to CORRECT
2021-07-16 18:27:07,122 INFO o.s.b.a.ApplicationAvailabilityBean [restartedMain] Application availability state ReadinessState changed to ACCEPTING_TRAFFIC
2021-07-16 18:27:16,922 INFO o.a.j.l.DirectJDKLog [http-nio-8080-exec-1] Initializing Spring DispatcherServlet 'dispatcherServlet'
2021-07-16 18:27:16,922 INFO o.s.w.s.FrameworkServlet [http-nio-8080-exec-1] Initializing Servlet 'dispatcherServlet'
2021-07-16 18:27:16,923 INFO o.s.w.s.FrameworkServlet [http-nio-8080-exec-1] Completed initialization in 1 ms
2021-07-16 18:27:20,086 INFO c.v.a.p.a.DepartmentServiceLoggingAspect [http-nio-8080-exec-6] Получение всех записей таблицы CATHEDRA
2021-07-16 18:27:20,099 INFO c.v.a.p.a.AcademicDegreeServiceLoggingAspect [http-nio-8080-exec-6] Получение всех записей таблицы ACADEMIC_DEGREE
2021-07-16 18:27:42,904 INFO c.v.a.p.a.DepartmentServiceLoggingAspect [http-nio-8080-exec-8] Получение всех записей таблицы CATHEDRA
2021-07-16 18:27:42,906 INFO c.v.a.p.a.AcademicDegreeServiceLoggingAspect [http-nio-8080-exec-8] Получение всех записей таблицы ACADEMIC_DEGREE
2021-07-16 18:27:42,959 INFO c.v.a.p.a.UserServiceLoggingAspect [http-nio-8080-exec-8] При добавление пользователяadmin@gmail.com произошла ошибка
2021-07-16 18:27:51,223 INFO c.v.a.p.a.DepartmentServiceLoggingAspect [http-nio-8080-exec-10] Получение всех записей таблицы CATHEDRA
2021-07-16 18:27:51,226 INFO c.v.a.p.a.AcademicDegreeServiceLoggingAspect [http-nio-8080-exec-10] Получение всех записей таблицы ACADEMIC_DEGREE
2021-07-16 18:27:51,380 INFO c.v.a.p.a.UserServiceLoggingAspect [http-nio-8080-exec-10] Добавление пользователяpetr@gmail.com в таблицу USERS
2021-07-16 18:27:57,987 INFO c.v.a.p.a.UserServiceLoggingAspect [http-nio-8080-exec-5] Успешная аутентификации пользователя: petr@gmail.com
2021-07-16 18:40:53,934 INFO o.s.b.a.ApplicationAvailabilityBean [Thread-8] Application availability state ReadinessState changed from ACCEPTING_TRAFFIC to REFUSING_TRAFFIC
2021-07-16 18:40:53,996 INFO o.s.o.j.AbstractEntityManagerFactoryBean [Thread-8] Closing JPA EntityManagerFactory for persistence unit 'default'
2021-07-16 18:40:54,000 INFO c.z.h.HikariDataSource [Thread-8] HikariPool-1 - Shutdown initiated...
2021-07-16 18:40:54,017 INFO c.z.h.HikariDataSource [Thread-8] HikariPool-1 - Shutdown completed.
2021-07-16 18:40:54,115 INFO o.s.b.StartupInfoLogger [restartedMain] Starting ProjectApplication using Java 11.0.11 on progerSapog with PID 11201 (/home/vladislove/Документы/SberITSchool-FinalProject/target/classes started by vladislove in /home/vladislove/Документы/SberITSchool-FinalProject)
2021-07-16 18:40:54,116 INFO o.s.b.SpringApplication [restartedMain] No active profile set, falling back to default profiles: default
2021-07-16 18:40:54,269 INFO o.s.d.r.c.RepositoryConfigurationDelegate [restartedMain] Bootstrapping Spring Data JPA repositories in DEFAULT mode.
2021-07-16 18:40:54,285 INFO o.s.d.r.c.RepositoryConfigurationDelegate [restartedMain] Finished Spring Data repository scanning in 15 ms. Found 5 JPA repository interfaces.
2021-07-16 18:40:54,411 INFO o.s.b.w.e.t.TomcatWebServer [restartedMain] Tomcat initialized with port(s): 8080 (http)
2021-07-16 18:40:54,412 INFO o.a.j.l.DirectJDKLog [restartedMain] Initializing ProtocolHandler ["http-nio-8080"]
2021-07-16 18:40:54,413 INFO o.a.j.l.DirectJDKLog [restartedMain] Starting service [Tomcat]
2021-07-16 18:40:54,413 INFO o.a.j.l.DirectJDKLog [restartedMain] Starting Servlet engine: [Apache Tomcat/9.0.46]
2021-07-16 18:40:54,465 INFO o.a.j.l.DirectJDKLog [restartedMain] At least one JAR was scanned for TLDs yet contained no TLDs. Enable debug logging for this logger for a complete list of JARs that were scanned but no TLDs were found in them. Skipping unneeded JARs during scanning can improve startup time and JSP compilation time.
2021-07-16 18:40:54,466 INFO o.a.j.l.DirectJDKLog [restartedMain] Initializing Spring embedded WebApplicationContext
2021-07-16 18:40:54,467 INFO o.s.b.w.s.c.ServletWebServerApplicationContext [restartedMain] Root WebApplicationContext: initialization completed in 349 ms
2021-07-16 18:40:54,480 WARN o.a.j.l.DirectJDKLog [restartedMain] Cannot deserialize session attribute [SPRING_SECURITY_CONTEXT] for session [760D9A4C26D9770C9289535B0C9C2C94]
2021-07-16 18:40:54,505 INFO c.z.h.HikariDataSource [restartedMain] HikariPool-2 - Starting...
2021-07-16 18:40:54,576 INFO c.z.h.HikariDataSource [restartedMain] HikariPool-2 - Start completed.
2021-07-16 18:40:54,579 INFO o.h.j.i.u.LogHelper [restartedMain] HHH000204: Processing PersistenceUnitInfo [name: default]
2021-07-16 18:40:54,584 INFO o.h.d.Dialect [restartedMain] HHH000400: Using dialect: org.hibernate.dialect.Oracle12cDialect
2021-07-16 18:40:54,667 INFO o.h.e.t.j.p.i.JtaPlatformInitiator [restartedMain] HHH000490: Using JtaPlatform implementation: [org.hibernate.engine.transaction.jta.platform.internal.NoJtaPlatform]
2021-07-16 18:40:54,667 INFO o.s.o.j.AbstractEntityManagerFactoryBean [restartedMain] Initialized JPA EntityManagerFactory for persistence unit 'default'
2021-07-16 18:40:54,687 WARN o.s.b.a.o.j.JpaBaseConfiguration$JpaWebConfiguration [restartedMain] spring.jpa.open-in-view is enabled by default. Therefore, database queries may be performed during view rendering. Explicitly configure spring.jpa.open-in-view to disable this warning
2021-07-16 18:40:54,866 INFO o.s.s.w.DefaultSecurityFilterChain [restartedMain] Will secure any request with [org.springframework.security.web.context.request.async.WebAsyncManagerIntegrationFilter@6249ad46, org.springframework.security.web.context.SecurityContextPersistenceFilter@31ec164d, org.springframework.security.web.header.HeaderWriterFilter@a289794, org.springframework.security.web.authentication.logout.LogoutFilter@67b51144, org.springframework.security.web.authentication.UsernamePasswordAuthenticationFilter@14785d00, org.springframework.security.web.savedrequest.RequestCacheAwareFilter@219936ae, org.springframework.security.web.servletapi.SecurityContextHolderAwareRequestFilter@6fc3813e, org.springframework.security.web.authentication.AnonymousAuthenticationFilter@325e638b, org.springframework.security.web.session.SessionManagementFilter@23b736d, org.springframework.security.web.access.ExceptionTranslationFilter@59b93b8d, org.springframework.security.web.access.intercept.FilterSecurityInterceptor@6466659c]
2021-07-16 18:40:54,923 INFO o.s.b.a.w.s.WelcomePageHandlerMapping [restartedMain] Adding welcome page template: index
2021-07-16 18:40:54,985 INFO o.s.b.d.a.OptionalLiveReloadServer [restartedMain] LiveReload server is running on port 35729
2021-07-16 18:40:54,997 INFO o.a.j.l.DirectJDKLog [restartedMain] Starting ProtocolHandler ["http-nio-8080"]
2021-07-16 18:40:54,999 INFO o.s.b.w.e.t.TomcatWebServer [restartedMain] Tomcat started on port(s): 8080 (http) with context path ''
2021-07-16 18:40:55,003 INFO o.s.b.StartupInfoLogger [restartedMain] Started ProjectApplication in 0.917 seconds (JVM running for 834.431)
2021-07-16 18:40:55,004 INFO o.s.b.a.ApplicationAvailabilityBean [restartedMain] Application availability state LivenessState changed to CORRECT
2021-07-16 18:40:55,005 INFO o.s.b.d.a.ConditionEvaluationDeltaLoggingListener [restartedMain] Condition evaluation unchanged
2021-07-16 18:40:55,005 INFO o.s.b.a.ApplicationAvailabilityBean [restartedMain] Application availability state ReadinessState changed to ACCEPTING_TRAFFIC
2021-07-16 18:43:12,523 INFO o.s.b.a.ApplicationAvailabilityBean [SpringContextShutdownHook] Application availability state ReadinessState changed from ACCEPTING_TRAFFIC to REFUSING_TRAFFIC
