2021-07-17 13:41:10,515 INFO o.h.v.i.u.Version [background-preinit] HV000001: Hibernate Validator 6.2.0.Final
2021-07-17 13:41:10,543 INFO o.s.b.StartupInfoLogger [main] Starting ApplicationsControllerTest using Java 11.0.11 on progerSapog with PID 21847 (started by vladislove in /home/vladislove/Документы/SberITSchool-FinalProject)
2021-07-17 13:41:10,549 INFO o.s.b.SpringApplication [main] No active profile set, falling back to default profiles: default
2021-07-17 13:41:10,888 WARN o.s.c.l.CompositeLog [background-preinit] For Jackson Kotlin classes support please add "com.fasterxml.jackson.module:jackson-module-kotlin" to the classpath
2021-07-17 13:41:11,223 INFO o.s.d.r.c.RepositoryConfigurationDelegate [main] Bootstrapping Spring Data JPA repositories in DEFAULT mode.
2021-07-17 13:41:11,279 INFO o.s.d.r.c.RepositoryConfigurationDelegate [main] Finished Spring Data repository scanning in 50 ms. Found 5 JPA repository interfaces.
2021-07-17 13:41:12,047 INFO c.z.h.HikariDataSource [main] HikariPool-1 - Starting...
2021-07-17 13:41:12,395 INFO c.z.h.HikariDataSource [main] HikariPool-1 - Start completed.
2021-07-17 13:41:12,470 INFO o.h.j.i.u.LogHelper [main] HHH000204: Processing PersistenceUnitInfo [name: default]
2021-07-17 13:41:12,548 INFO o.h.Version [main] HHH000412: Hibernate ORM core version 5.4.31.Final
2021-07-17 13:41:12,733 INFO o.h.a.c.r.j.JavaReflectionManager [main] HCANN000001: Hibernate Commons Annotations {5.1.2.Final}
2021-07-17 13:41:12,913 INFO o.h.d.Dialect [main] HHH000400: Using dialect: org.hibernate.dialect.Oracle12cDialect
2021-07-17 13:41:13,752 INFO o.h.e.t.j.p.i.JtaPlatformInitiator [main] HHH000490: Using JtaPlatform implementation: [org.hibernate.engine.transaction.jta.platform.internal.NoJtaPlatform]
2021-07-17 13:41:13,760 INFO o.s.o.j.AbstractEntityManagerFactoryBean [main] Initialized JPA EntityManagerFactory for persistence unit 'default'
2021-07-17 13:41:13,854 WARN o.s.b.a.o.j.JpaBaseConfiguration$JpaWebConfiguration [main] spring.jpa.open-in-view is enabled by default. Therefore, database queries may be performed during view rendering. Explicitly configure spring.jpa.open-in-view to disable this warning
2021-07-17 13:41:14,737 INFO o.s.s.w.DefaultSecurityFilterChain [main] Will secure any request with [org.springframework.security.web.context.request.async.WebAsyncManagerIntegrationFilter@16a14076, org.springframework.security.web.context.SecurityContextPersistenceFilter@42fb2be9, org.springframework.security.web.header.HeaderWriterFilter@5746609e, org.springframework.security.web.authentication.logout.LogoutFilter@3052395d, org.springframework.security.web.authentication.UsernamePasswordAuthenticationFilter@2ebd6a0d, org.springframework.security.web.savedrequest.RequestCacheAwareFilter@5eed2edf, org.springframework.security.web.servletapi.SecurityContextHolderAwareRequestFilter@4b3e4253, org.springframework.security.web.authentication.AnonymousAuthenticationFilter@65293ca5, org.springframework.security.web.session.SessionManagementFilter@2cdd156b, org.springframework.security.web.access.ExceptionTranslationFilter@c7d173f, org.springframework.security.web.access.intercept.FilterSecurityInterceptor@3792fed8]
2021-07-17 13:41:15,211 INFO o.s.b.a.w.s.WelcomePageHandlerMapping [main] Adding welcome page template: index
2021-07-17 13:41:15,523 INFO o.s.m.w.MockServletContext [main] Initializing Spring TestDispatcherServlet ''
2021-07-17 13:41:15,523 INFO o.s.w.s.FrameworkServlet [main] Initializing Servlet ''
2021-07-17 13:41:15,525 INFO o.s.w.s.FrameworkServlet [main] Completed initialization in 1 ms
2021-07-17 13:41:15,547 INFO o.s.b.StartupInfoLogger [main] Started ApplicationsControllerTest in 5.361 seconds (JVM running for 6.555)
2021-07-17 13:41:15,548 INFO o.s.b.a.ApplicationAvailabilityBean [main] Application availability state LivenessState changed to CORRECT
2021-07-17 13:41:15,550 INFO o.s.b.a.ApplicationAvailabilityBean [main] Application availability state ReadinessState changed to ACCEPTING_TRAFFIC
2021-07-17 13:41:15,746 INFO c.v.a.p.a.UserServiceLoggingAspect [main] Успешная аутентификации пользователя: petr1@gmail.com
