2021-07-17 13:01:38,546 INFO o.h.v.i.u.Version [background-preinit] HV000001: Hibernate Validator 6.2.0.Final
2021-07-17 13:01:38,547 INFO o.s.b.StartupInfoLogger [main] Starting LoginTest using Java 11.0.11 on progerSapog with PID 13450 (started by vladislove in /home/vladislove/Документы/SberITSchool-FinalProject)
2021-07-17 13:01:38,560 INFO o.s.b.SpringApplication [main] No active profile set, falling back to default profiles: default
2021-07-17 13:01:39,477 WARN o.s.c.l.CompositeLog [background-preinit] For Jackson Kotlin classes support please add "com.fasterxml.jackson.module:jackson-module-kotlin" to the classpath
2021-07-17 13:01:40,495 INFO o.s.d.r.c.RepositoryConfigurationDelegate [main] Bootstrapping Spring Data JPA repositories in DEFAULT mode.
2021-07-17 13:01:40,581 INFO o.s.d.r.c.RepositoryConfigurationDelegate [main] Finished Spring Data repository scanning in 77 ms. Found 5 JPA repository interfaces.
2021-07-17 13:01:41,976 INFO c.z.h.HikariDataSource [main] HikariPool-1 - Starting...
2021-07-17 13:01:44,898 INFO c.z.h.HikariDataSource [main] HikariPool-1 - Start completed.
2021-07-17 13:01:44,967 INFO o.h.j.i.u.LogHelper [main] HHH000204: Processing PersistenceUnitInfo [name: default]
2021-07-17 13:01:45,053 INFO o.h.Version [main] HHH000412: Hibernate ORM core version 5.4.31.Final
2021-07-17 13:01:45,767 INFO o.h.a.c.r.j.JavaReflectionManager [main] HCANN000001: Hibernate Commons Annotations {5.1.2.Final}
2021-07-17 13:01:46,049 INFO o.h.d.Dialect [main] HHH000400: Using dialect: org.hibernate.dialect.Oracle12cDialect
2021-07-17 13:01:51,162 INFO o.h.e.t.j.p.i.JtaPlatformInitiator [main] HHH000490: Using JtaPlatform implementation: [org.hibernate.engine.transaction.jta.platform.internal.NoJtaPlatform]
2021-07-17 13:01:51,170 INFO o.s.o.j.AbstractEntityManagerFactoryBean [main] Initialized JPA EntityManagerFactory for persistence unit 'default'
2021-07-17 13:01:51,240 WARN o.s.b.a.o.j.JpaBaseConfiguration$JpaWebConfiguration [main] spring.jpa.open-in-view is enabled by default. Therefore, database queries may be performed during view rendering. Explicitly configure spring.jpa.open-in-view to disable this warning
2021-07-17 13:01:52,595 INFO o.s.s.w.DefaultSecurityFilterChain [main] Will secure any request with [org.springframework.security.web.context.request.async.WebAsyncManagerIntegrationFilter@2c485b3a, org.springframework.security.web.context.SecurityContextPersistenceFilter@496004e3, org.springframework.security.web.header.HeaderWriterFilter@1d7f0cd0, org.springframework.security.web.authentication.logout.LogoutFilter@638e8194, org.springframework.security.web.authentication.UsernamePasswordAuthenticationFilter@4fe3199d, org.springframework.security.web.savedrequest.RequestCacheAwareFilter@f31b991, org.springframework.security.web.servletapi.SecurityContextHolderAwareRequestFilter@65871cfd, org.springframework.security.web.authentication.AnonymousAuthenticationFilter@4a00d591, org.springframework.security.web.session.SessionManagementFilter@6ae5e1cf, org.springframework.security.web.access.ExceptionTranslationFilter@6e5a77ef, org.springframework.security.web.access.intercept.FilterSecurityInterceptor@17f7a1af]
2021-07-17 13:01:53,051 INFO o.s.b.a.w.s.WelcomePageHandlerMapping [main] Adding welcome page template: index
2021-07-17 13:01:53,380 INFO o.s.m.w.MockServletContext [main] Initializing Spring TestDispatcherServlet ''
2021-07-17 13:01:53,381 INFO o.s.w.s.FrameworkServlet [main] Initializing Servlet ''
2021-07-17 13:01:53,382 INFO o.s.w.s.FrameworkServlet [main] Completed initialization in 1 ms
2021-07-17 13:01:53,398 INFO o.s.b.StartupInfoLogger [main] Started LoginTest in 15.664 seconds (JVM running for 18.368)
2021-07-17 13:01:53,400 INFO o.s.b.a.ApplicationAvailabilityBean [main] Application availability state LivenessState changed to CORRECT
2021-07-17 13:01:53,401 INFO o.s.b.a.ApplicationAvailabilityBean [main] Application availability state ReadinessState changed to ACCEPTING_TRAFFIC
2021-07-17 13:01:53,851 WARN c.v.a.p.a.UserServiceLoggingAspect [main] Ошибка аутентификации пользователя: 
2021-07-17 13:01:53,852 INFO c.v.a.p.a.UserServiceLoggingAspect [main] Успешная аутентификации пользователя: 
2021-07-17 13:01:53,852 ERROR o.s.s.w.a.AbstractAuthenticationProcessingFilter [main] An internal error occurred while trying to authenticate the user.
org.springframework.security.authentication.InternalAuthenticationServiceException: UserDetailsService returned null, which is an interface contract violation
	at org.springframework.security.authentication.dao.DaoAuthenticationProvider.retrieveUser(DaoAuthenticationProvider.java:95) ~[spring-security-core-5.5.0.jar:5.5.0]
	at org.springframework.security.authentication.dao.AbstractUserDetailsAuthenticationProvider.authenticate(AbstractUserDetailsAuthenticationProvider.java:133) ~[spring-security-core-5.5.0.jar:5.5.0]
	at org.springframework.security.authentication.ProviderManager.authenticate(ProviderManager.java:182) ~[spring-security-core-5.5.0.jar:5.5.0]
	at org.springframework.security.authentication.ProviderManager.authenticate(ProviderManager.java:201) ~[spring-security-core-5.5.0.jar:5.5.0]
	at org.springframework.security.web.authentication.UsernamePasswordAuthenticationFilter.attemptAuthentication(UsernamePasswordAuthenticationFilter.java:85) ~[spring-security-web-5.5.0.jar:5.5.0]
	at org.springframework.security.web.authentication.AbstractAuthenticationProcessingFilter.doFilter(AbstractAuthenticationProcessingFilter.java:222) [spring-security-web-5.5.0.jar:5.5.0]
	at org.springframework.security.web.authentication.AbstractAuthenticationProcessingFilter.doFilter(AbstractAuthenticationProcessingFilter.java:212) [spring-security-web-5.5.0.jar:5.5.0]
	at org.springframework.security.web.FilterChainProxy$VirtualFilterChain.doFilter(FilterChainProxy.java:336) [spring-security-web-5.5.0.jar:5.5.0]
	at org.springframework.security.web.authentication.logout.LogoutFilter.doFilter(LogoutFilter.java:103) [spring-security-web-5.5.0.jar:5.5.0]
	at org.springframework.security.web.authentication.logout.LogoutFilter.doFilter(LogoutFilter.java:89) [spring-security-web-5.5.0.jar:5.5.0]
	at org.springframework.security.web.FilterChainProxy$VirtualFilterChain.doFilter(FilterChainProxy.java:336) [spring-security-web-5.5.0.jar:5.5.0]
	at org.springframework.security.web.header.HeaderWriterFilter.doHeadersAfter(HeaderWriterFilter.java:90) [spring-security-web-5.5.0.jar:5.5.0]
	at org.springframework.security.web.header.HeaderWriterFilter.doFilterInternal(HeaderWriterFilter.java:75) [spring-security-web-5.5.0.jar:5.5.0]
	at org.springframework.web.filter.OncePerRequestFilter.doFilter(OncePerRequestFilter.java:119) [spring-web-5.3.7.jar:5.3.7]
	at org.springframework.security.web.FilterChainProxy$VirtualFilterChain.doFilter(FilterChainProxy.java:336) [spring-security-web-5.5.0.jar:5.5.0]
	at org.springframework.security.web.context.SecurityContextPersistenceFilter.doFilter(SecurityContextPersistenceFilter.java:110) [spring-security-web-5.5.0.jar:5.5.0]
	at org.springframework.security.web.context.SecurityContextPersistenceFilter.doFilter(SecurityContextPersistenceFilter.java:80) [spring-security-web-5.5.0.jar:5.5.0]
	at org.springframework.security.web.FilterChainProxy$VirtualFilterChain.doFilter(FilterChainProxy.java:336) [spring-security-web-5.5.0.jar:5.5.0]
	at org.springframework.security.web.context.request.async.WebAsyncManagerIntegrationFilter.doFilterInternal(WebAsyncManagerIntegrationFilter.java:55) [spring-security-web-5.5.0.jar:5.5.0]
	at org.springframework.web.filter.OncePerRequestFilter.doFilter(OncePerRequestFilter.java:119) [spring-web-5.3.7.jar:5.3.7]
	at org.springframework.security.web.FilterChainProxy$VirtualFilterChain.doFilter(FilterChainProxy.java:336) [spring-security-web-5.5.0.jar:5.5.0]
	at org.springframework.security.web.FilterChainProxy.doFilterInternal(FilterChainProxy.java:211) [spring-security-web-5.5.0.jar:5.5.0]
	at org.springframework.security.web.FilterChainProxy.doFilter(FilterChainProxy.java:183) [spring-security-web-5.5.0.jar:5.5.0]
	at org.springframework.web.filter.DelegatingFilterProxy.invokeDelegate(DelegatingFilterProxy.java:358) [spring-web-5.3.7.jar:5.3.7]
	at org.springframework.web.filter.DelegatingFilterProxy.doFilter(DelegatingFilterProxy.java:271) [spring-web-5.3.7.jar:5.3.7]
	at org.springframework.mock.web.MockFilterChain.doFilter(MockFilterChain.java:134) [spring-test-5.3.7.jar:5.3.7]
	at org.springframework.web.filter.RequestContextFilter.doFilterInternal(RequestContextFilter.java:100) [spring-web-5.3.7.jar:5.3.7]
	at org.springframework.web.filter.OncePerRequestFilter.doFilter(OncePerRequestFilter.java:119) [spring-web-5.3.7.jar:5.3.7]
	at org.springframework.mock.web.MockFilterChain.doFilter(MockFilterChain.java:134) [spring-test-5.3.7.jar:5.3.7]
	at org.springframework.web.filter.FormContentFilter.doFilterInternal(FormContentFilter.java:93) [spring-web-5.3.7.jar:5.3.7]
	at org.springframework.web.filter.OncePerRequestFilter.doFilter(OncePerRequestFilter.java:119) [spring-web-5.3.7.jar:5.3.7]
	at org.springframework.mock.web.MockFilterChain.doFilter(MockFilterChain.java:134) [spring-test-5.3.7.jar:5.3.7]
	at org.springframework.web.filter.CharacterEncodingFilter.doFilterInternal(CharacterEncodingFilter.java:201) [spring-web-5.3.7.jar:5.3.7]
	at org.springframework.web.filter.OncePerRequestFilter.doFilter(OncePerRequestFilter.java:119) [spring-web-5.3.7.jar:5.3.7]
	at org.springframework.mock.web.MockFilterChain.doFilter(MockFilterChain.java:134) [spring-test-5.3.7.jar:5.3.7]
	at org.springframework.test.web.servlet.MockMvc.perform(MockMvc.java:183) [spring-test-5.3.7.jar:5.3.7]
	at com.vst.applications.project.integration_tests.LoginTest.correctLoginTest(LoginTest.java:115) [test-classes/:?]
	at jdk.internal.reflect.NativeMethodAccessorImpl.invoke0(Native Method) ~[?:?]
	at jdk.internal.reflect.NativeMethodAccessorImpl.invoke(NativeMethodAccessorImpl.java:62) ~[?:?]
	at jdk.internal.reflect.DelegatingMethodAccessorImpl.invoke(DelegatingMethodAccessorImpl.java:43) ~[?:?]
	at java.lang.reflect.Method.invoke(Method.java:566) ~[?:?]
	at org.junit.runners.model.FrameworkMethod$1.runReflectiveCall(FrameworkMethod.java:59) [junit-4.13.2.jar:4.13.2]
	at org.junit.internal.runners.model.ReflectiveCallable.run(ReflectiveCallable.java:12) [junit-4.13.2.jar:4.13.2]
	at org.junit.runners.model.FrameworkMethod.invokeExplosively(FrameworkMethod.java:56) [junit-4.13.2.jar:4.13.2]
	at org.junit.internal.runners.statements.InvokeMethod.evaluate(InvokeMethod.java:17) [junit-4.13.2.jar:4.13.2]
	at org.springframework.test.context.junit4.statements.RunBeforeTestExecutionCallbacks.evaluate(RunBeforeTestExecutionCallbacks.java:74) [spring-test-5.3.7.jar:5.3.7]
	at org.springframework.test.context.junit4.statements.RunAfterTestExecutionCallbacks.evaluate(RunAfterTestExecutionCallbacks.java:84) [spring-test-5.3.7.jar:5.3.7]
	at org.springframework.test.context.junit4.statements.RunBeforeTestMethodCallbacks.evaluate(RunBeforeTestMethodCallbacks.java:75) [spring-test-5.3.7.jar:5.3.7]
	at org.springframework.test.context.junit4.statements.RunAfterTestMethodCallbacks.evaluate(RunAfterTestMethodCallbacks.java:86) [spring-test-5.3.7.jar:5.3.7]
	at org.springframework.test.context.junit4.statements.SpringRepeat.evaluate(SpringRepeat.java:84) [spring-test-5.3.7.jar:5.3.7]
	at org.junit.runners.ParentRunner.runLeaf(ParentRunner.java:366) [junit-4.13.2.jar:4.13.2]
	at org.springframework.test.context.junit4.SpringJUnit4ClassRunner.runChild(SpringJUnit4ClassRunner.java:251) [spring-test-5.3.7.jar:5.3.7]
	at org.springframework.test.context.junit4.SpringJUnit4ClassRunner.runChild(SpringJUnit4ClassRunner.java:97) [spring-test-5.3.7.jar:5.3.7]
	at org.junit.runners.ParentRunner$4.run(ParentRunner.java:331) [junit-4.13.2.jar:4.13.2]
	at org.junit.runners.ParentRunner$1.schedule(ParentRunner.java:79) [junit-4.13.2.jar:4.13.2]
	at org.junit.runners.ParentRunner.runChildren(ParentRunner.java:329) [junit-4.13.2.jar:4.13.2]
	at org.junit.runners.ParentRunner.access$100(ParentRunner.java:66) [junit-4.13.2.jar:4.13.2]
	at org.junit.runners.ParentRunner$2.evaluate(ParentRunner.java:293) [junit-4.13.2.jar:4.13.2]
	at org.springframework.test.context.junit4.statements.RunBeforeTestClassCallbacks.evaluate(RunBeforeTestClassCallbacks.java:61) [spring-test-5.3.7.jar:5.3.7]
	at org.springframework.test.context.junit4.statements.RunAfterTestClassCallbacks.evaluate(RunAfterTestClassCallbacks.java:70) [spring-test-5.3.7.jar:5.3.7]
	at org.junit.runners.ParentRunner$3.evaluate(ParentRunner.java:306) [junit-4.13.2.jar:4.13.2]
	at org.junit.runners.ParentRunner.run(ParentRunner.java:413) [junit-4.13.2.jar:4.13.2]
	at org.springframework.test.context.junit4.SpringJUnit4ClassRunner.run(SpringJUnit4ClassRunner.java:190) [spring-test-5.3.7.jar:5.3.7]
	at org.junit.runner.JUnitCore.run(JUnitCore.java:137) [junit-4.13.2.jar:4.13.2]
	at com.intellij.junit4.JUnit4IdeaTestRunner.startRunnerWithArgs(JUnit4IdeaTestRunner.java:69) [junit-rt.jar:?]
	at com.intellij.rt.junit.IdeaTestRunner$Repeater.startRunnerWithArgs(IdeaTestRunner.java:33) [junit-rt.jar:?]
	at com.intellij.rt.junit.JUnitStarter.prepareStreamsAndStart(JUnitStarter.java:221) [junit-rt.jar:?]
	at com.intellij.rt.junit.JUnitStarter.main(JUnitStarter.java:54) [junit-rt.jar:?]
