2021-07-17 13:39:19,097 INFO o.h.v.i.u.Version [background-preinit] HV000001: Hibernate Validator 6.2.0.Final
2021-07-17 13:39:19,125 INFO o.s.b.StartupInfoLogger [main] Starting ApplicationsControllerTest using Java 11.0.11 on progerSapog with PID 21397 (started by vladislove in /home/vladislove/Документы/SberITSchool-FinalProject)
2021-07-17 13:39:19,141 INFO o.s.b.SpringApplication [main] No active profile set, falling back to default profiles: default
2021-07-17 13:39:19,551 WARN o.s.c.l.CompositeLog [background-preinit] For Jackson Kotlin classes support please add "com.fasterxml.jackson.module:jackson-module-kotlin" to the classpath
2021-07-17 13:39:19,918 INFO o.s.d.r.c.RepositoryConfigurationDelegate [main] Bootstrapping Spring Data JPA repositories in DEFAULT mode.
2021-07-17 13:39:19,992 INFO o.s.d.r.c.RepositoryConfigurationDelegate [main] Finished Spring Data repository scanning in 66 ms. Found 5 JPA repository interfaces.
2021-07-17 13:39:20,804 INFO c.z.h.HikariDataSource [main] HikariPool-1 - Starting...
2021-07-17 13:39:21,162 INFO c.z.h.HikariDataSource [main] HikariPool-1 - Start completed.
2021-07-17 13:39:21,223 INFO o.h.j.i.u.LogHelper [main] HHH000204: Processing PersistenceUnitInfo [name: default]
2021-07-17 13:39:21,297 INFO o.h.Version [main] HHH000412: Hibernate ORM core version 5.4.31.Final
2021-07-17 13:39:21,482 INFO o.h.a.c.r.j.JavaReflectionManager [main] HCANN000001: Hibernate Commons Annotations {5.1.2.Final}
2021-07-17 13:39:21,634 INFO o.h.d.Dialect [main] HHH000400: Using dialect: org.hibernate.dialect.Oracle12cDialect
2021-07-17 13:39:22,436 INFO o.h.e.t.j.p.i.JtaPlatformInitiator [main] HHH000490: Using JtaPlatform implementation: [org.hibernate.engine.transaction.jta.platform.internal.NoJtaPlatform]
2021-07-17 13:39:22,443 INFO o.s.o.j.AbstractEntityManagerFactoryBean [main] Initialized JPA EntityManagerFactory for persistence unit 'default'
2021-07-17 13:39:22,530 WARN o.s.b.a.o.j.JpaBaseConfiguration$JpaWebConfiguration [main] spring.jpa.open-in-view is enabled by default. Therefore, database queries may be performed during view rendering. Explicitly configure spring.jpa.open-in-view to disable this warning
2021-07-17 13:39:23,230 INFO o.s.s.w.DefaultSecurityFilterChain [main] Will secure any request with [org.springframework.security.web.context.request.async.WebAsyncManagerIntegrationFilter@27caa186, org.springframework.security.web.context.SecurityContextPersistenceFilter@389a9ff6, org.springframework.security.web.header.HeaderWriterFilter@395c21ee, org.springframework.security.web.authentication.logout.LogoutFilter@26361572, org.springframework.security.web.authentication.UsernamePasswordAuthenticationFilter@4f579582, org.springframework.security.web.savedrequest.RequestCacheAwareFilter@c3836b6, org.springframework.security.web.servletapi.SecurityContextHolderAwareRequestFilter@57f6fc09, org.springframework.security.web.authentication.AnonymousAuthenticationFilter@6ebf9c2d, org.springframework.security.web.session.SessionManagementFilter@4b3e4253, org.springframework.security.web.access.ExceptionTranslationFilter@5746609e, org.springframework.security.web.access.intercept.FilterSecurityInterceptor@1e7797db]
2021-07-17 13:39:23,652 INFO o.s.b.a.w.s.WelcomePageHandlerMapping [main] Adding welcome page template: index
2021-07-17 13:39:23,964 INFO o.s.m.w.MockServletContext [main] Initializing Spring TestDispatcherServlet ''
2021-07-17 13:39:23,964 INFO o.s.w.s.FrameworkServlet [main] Initializing Servlet ''
2021-07-17 13:39:23,965 INFO o.s.w.s.FrameworkServlet [main] Completed initialization in 1 ms
2021-07-17 13:39:23,988 INFO o.s.b.StartupInfoLogger [main] Started ApplicationsControllerTest in 5.252 seconds (JVM running for 6.524)
2021-07-17 13:39:23,989 INFO o.s.b.a.ApplicationAvailabilityBean [main] Application availability state LivenessState changed to CORRECT
2021-07-17 13:39:23,992 INFO o.s.b.a.ApplicationAvailabilityBean [main] Application availability state ReadinessState changed to ACCEPTING_TRAFFIC
2021-07-17 13:39:24,218 INFO c.v.a.p.a.UserServiceLoggingAspect [main] Успешная аутентификации пользователя: petr1@gmail.com
