2021-07-17 12:37:44,869 INFO o.h.v.i.u.Version [background-preinit] HV000001: Hibernate Validator 6.2.0.Final
2021-07-17 12:37:44,882 INFO o.s.b.StartupInfoLogger [main] Starting LoginTest using Java 11.0.11 on progerSapog with PID 10409 (started by vladislove in /home/vladislove/Документы/SberITSchool-FinalProject)
2021-07-17 12:37:44,890 INFO o.s.b.SpringApplication [main] No active profile set, falling back to default profiles: default
2021-07-17 12:37:45,291 WARN o.s.c.l.CompositeLog [background-preinit] For Jackson Kotlin classes support please add "com.fasterxml.jackson.module:jackson-module-kotlin" to the classpath
2021-07-17 12:37:45,714 INFO o.s.d.r.c.RepositoryConfigurationDelegate [main] Bootstrapping Spring Data JPA repositories in DEFAULT mode.
2021-07-17 12:37:45,781 INFO o.s.d.r.c.RepositoryConfigurationDelegate [main] Finished Spring Data repository scanning in 59 ms. Found 5 JPA repository interfaces.
2021-07-17 12:37:46,637 INFO c.z.h.HikariDataSource [main] HikariPool-1 - Starting...
2021-07-17 12:37:46,980 INFO c.z.h.HikariDataSource [main] HikariPool-1 - Start completed.
2021-07-17 12:37:47,046 INFO o.h.j.i.u.LogHelper [main] HHH000204: Processing PersistenceUnitInfo [name: default]
2021-07-17 12:37:47,084 INFO o.h.Version [main] HHH000412: Hibernate ORM core version 5.4.31.Final
2021-07-17 12:37:47,202 INFO o.h.a.c.r.j.JavaReflectionManager [main] HCANN000001: Hibernate Commons Annotations {5.1.2.Final}
2021-07-17 12:37:47,315 INFO o.h.d.Dialect [main] HHH000400: Using dialect: org.hibernate.dialect.Oracle12cDialect
2021-07-17 12:37:48,076 INFO o.h.e.t.j.p.i.JtaPlatformInitiator [main] HHH000490: Using JtaPlatform implementation: [org.hibernate.engine.transaction.jta.platform.internal.NoJtaPlatform]
2021-07-17 12:37:48,086 INFO o.s.o.j.AbstractEntityManagerFactoryBean [main] Initialized JPA EntityManagerFactory for persistence unit 'default'
2021-07-17 12:37:48,189 WARN o.s.b.a.o.j.JpaBaseConfiguration$JpaWebConfiguration [main] spring.jpa.open-in-view is enabled by default. Therefore, database queries may be performed during view rendering. Explicitly configure spring.jpa.open-in-view to disable this warning
2021-07-17 12:37:48,888 INFO o.s.s.w.DefaultSecurityFilterChain [main] Will secure any request with [org.springframework.security.web.context.request.async.WebAsyncManagerIntegrationFilter@2f97e3de, org.springframework.security.web.context.SecurityContextPersistenceFilter@38326fd5, org.springframework.security.web.header.HeaderWriterFilter@34c2e03d, org.springframework.security.web.authentication.logout.LogoutFilter@be9bf2e, org.springframework.security.web.authentication.UsernamePasswordAuthenticationFilter@5183131d, org.springframework.security.web.savedrequest.RequestCacheAwareFilter@2512155e, org.springframework.security.web.servletapi.SecurityContextHolderAwareRequestFilter@1fd77205, org.springframework.security.web.authentication.AnonymousAuthenticationFilter@2f09907, org.springframework.security.web.session.SessionManagementFilter@4202bfe8, org.springframework.security.web.access.ExceptionTranslationFilter@2784145d, org.springframework.security.web.access.intercept.FilterSecurityInterceptor@13f17b8f]
2021-07-17 12:37:49,269 INFO o.s.b.a.w.s.WelcomePageHandlerMapping [main] Adding welcome page template: index
2021-07-17 12:37:49,530 INFO o.s.b.StartupInfoLogger [main] Started LoginTest in 5.022 seconds (JVM running for 6.223)
2021-07-17 12:37:49,531 INFO o.s.b.a.ApplicationAvailabilityBean [main] Application availability state LivenessState changed to CORRECT
2021-07-17 12:37:49,533 INFO o.s.b.a.ApplicationAvailabilityBean [main] Application availability state ReadinessState changed to ACCEPTING_TRAFFIC
